


ARM Macro Assembler    Page 1 


    1 00000000         #line   1                "mbed-dev/targets/TARGET_STM/TA
RGET_STM32F4/TARGET_STM32F446xE/device/TOOLCHAIN_ARM_STD/startup_stm32f446xx.s"
    1 00000000         ;******************** (C) COPYRIGHT 2015 STMicroelectron
                       ics ********************
    2 00000000         ;* File Name          : startup_stm32f446xx.s
    3 00000000         ;* Author             : MCD Application Team
    4 00000000         ;* Version            : V2.3.2
    5 00000000         ;* Date               : 26-June-2015
    6 00000000         ;* Description        : STM32F446x devices vector table 
                       for MDK-ARM_STD toolchain. 
    7 00000000         ;*                      This module performs:
    8 00000000         ;*                      - Set the initial SP
    9 00000000         ;*                      - Set the initial PC == Reset_Ha
                       ndler
   10 00000000         ;*                      - Set the vector table entries w
                       ith the exceptions ISR address
   11 00000000         ;*                      After Reset the CortexM4 process
                       or is in Thread mode,
   12 00000000         ;*                      priority is Privileged, and the 
                       Stack is set to Main.
   13 00000000         ;* <<< Use Configuration Wizard in Context Menu >>>   
   14 00000000         ;*******************************************************
                       ************************
   15 00000000         ; 
   16 00000000         ;* Redistribution and use in source and binary forms, wi
                       th or without modification,
   17 00000000         ;* are permitted provided that the following conditions 
                       are met:
   18 00000000         ;*   1. Redistributions of source code must retain the a
                       bove copyright notice,
   19 00000000         ;*      this list of conditions and the following discla
                       imer.
   20 00000000         ;*   2. Redistributions in binary form must reproduce th
                       e above copyright notice,
   21 00000000         ;*      this list of conditions and the following discla
                       imer in the documentation
   22 00000000         ;*      and/or other materials provided with the distrib
                       ution.
   23 00000000         ;*   3. Neither the name of STMicroelectronics nor the n
                       ames of its contributors
   24 00000000         ;*      may be used to endorse or promote products deriv
                       ed from this software
   25 00000000         ;*      without specific prior written permission.
   26 00000000         ;*
   27 00000000         ;* THIS SOFTWARE IS PROVIDED BY THE COPYRIGHT HOLDERS AN
                       D CONTRIBUTORS "AS IS"
   28 00000000         ;* AND ANY EXPRESS OR IMPLIED WARRANTIES, INCLUDING, BUT
                        NOT LIMITED TO, THE
   29 00000000         ;* IMPLIED WARRANTIES OF MERCHANTABILITY AND FITNESS FOR
                        A PARTICULAR PURPOSE ARE
   30 00000000         ;* DISCLAIMED. IN NO EVENT SHALL THE COPYRIGHT HOLDER OR
                        CONTRIBUTORS BE LIABLE
   31 00000000         ;* FOR ANY DIRECT, INDIRECT, INCIDENTAL, SPECIAL, EXEMPL
                       ARY, OR CONSEQUENTIAL
   32 00000000         ;* DAMAGES (INCLUDING, BUT NOT LIMITED TO, PROCUREMENT O
                       F SUBSTITUTE GOODS OR
   33 00000000         ;* SERVICES; LOSS OF USE, DATA, OR PROFITS; OR BUSINESS 
                       INTERRUPTION) HOWEVER
   34 00000000         ;* CAUSED AND ON ANY THEORY OF LIABILITY, WHETHER IN CON



ARM Macro Assembler    Page 2 


                       TRACT, STRICT LIABILITY,
   35 00000000         ;* OR TORT (INCLUDING NEGLIGENCE OR OTHERWISE) ARISING I
                       N ANY WAY OUT OF THE USE
   36 00000000         ;* OF THIS SOFTWARE, EVEN IF ADVISED OF THE POSSIBILITY 
                       OF SUCH DAMAGE.
   37 00000000         ; 
   38 00000000         ;*******************************************************
                       ************************
   39 00000000         
   40 00000000 20020000 
                       __initial_sp
                               EQU              0x20020000  ; Top of RAM
   41 00000000         
   42 00000000                 PRESERVE8
   43 00000000                 THUMB
   44 00000000         
   45 00000000         
   46 00000000         ; Vector Table Mapped to Address 0 at Reset
   47 00000000                 AREA             RESET, DATA, READONLY
   48 00000000                 EXPORT           __Vectors
   49 00000000                 EXPORT           __Vectors_End
   50 00000000                 EXPORT           __Vectors_Size
   51 00000000         
   52 00000000 20020000 
                       __Vectors
                               DCD              __initial_sp ; Top of Stack
   53 00000004 00000000        DCD              Reset_Handler ; Reset Handler
   54 00000008 00000000        DCD              NMI_Handler ; NMI Handler
   55 0000000C 00000000        DCD              HardFault_Handler ; Hard Fault 
                                                            Handler
   56 00000010 00000000        DCD              MemManage_Handler 
                                                            ; MPU Fault Handler
                                                            
   57 00000014 00000000        DCD              BusFault_Handler 
                                                            ; Bus Fault Handler
                                                            
   58 00000018 00000000        DCD              UsageFault_Handler ; Usage Faul
                                                            t Handler
   59 0000001C 00000000        DCD              0           ; Reserved
   60 00000020 00000000        DCD              0           ; Reserved
   61 00000024 00000000        DCD              0           ; Reserved
   62 00000028 00000000        DCD              0           ; Reserved
   63 0000002C 00000000        DCD              SVC_Handler ; SVCall Handler
   64 00000030 00000000        DCD              DebugMon_Handler ; Debug Monito
                                                            r Handler
   65 00000034 00000000        DCD              0           ; Reserved
   66 00000038 00000000        DCD              PendSV_Handler ; PendSV Handler
                                                            
   67 0000003C 00000000        DCD              SysTick_Handler 
                                                            ; SysTick Handler
   68 00000040         
   69 00000040         ; External Interrupts
   70 00000040 00000000        DCD              WWDG_IRQHandler ; Window WatchD
                                                            og                 
                                                                               
                                                                
   71 00000044 00000000        DCD              PVD_IRQHandler ; PVD through EX
                                                            TI Line detection  
                                                                               



ARM Macro Assembler    Page 3 


                                                               
   72 00000048 00000000        DCD              TAMP_STAMP_IRQHandler ; Tamper 
                                                            and TimeStamps thro
                                                            ugh the EXTI line  
                                                                      
   73 0000004C 00000000        DCD              RTC_WKUP_IRQHandler ; RTC Wakeu
                                                            p through the EXTI 
                                                            line               
                                                                    
   74 00000050 00000000        DCD              FLASH_IRQHandler ; FLASH       
                                                                               
                                                                             
   75 00000054 00000000        DCD              RCC_IRQHandler ; RCC           
                                                                               
                                                                           
   76 00000058 00000000        DCD              EXTI0_IRQHandler ; EXTI Line0  
                                                                               
                                                                               
                                                                 
   77 0000005C 00000000        DCD              EXTI1_IRQHandler ; EXTI Line1  
                                                                               
                                                                               
                                                                 
   78 00000060 00000000        DCD              EXTI2_IRQHandler ; EXTI Line2  
                                                                               
                                                                               
                                                                 
   79 00000064 00000000        DCD              EXTI3_IRQHandler ; EXTI Line3  
                                                                               
                                                                               
                                                                 
   80 00000068 00000000        DCD              EXTI4_IRQHandler ; EXTI Line4  
                                                                               
                                                                               
                                                                 
   81 0000006C 00000000        DCD              DMA1_Stream0_IRQHandler ; DMA1 
                                                            Stream 0           
                                                                               
                                                                 
   82 00000070 00000000        DCD              DMA1_Stream1_IRQHandler ; DMA1 
                                                            Stream 1           
                                                                               
                                                                 
   83 00000074 00000000        DCD              DMA1_Stream2_IRQHandler ; DMA1 
                                                            Stream 2           
                                                                               
                                                                 
   84 00000078 00000000        DCD              DMA1_Stream3_IRQHandler ; DMA1 
                                                            Stream 3           
                                                                               
                                                                 
   85 0000007C 00000000        DCD              DMA1_Stream4_IRQHandler ; DMA1 
                                                            Stream 4           
                                                                               
                                                                 
   86 00000080 00000000        DCD              DMA1_Stream5_IRQHandler ; DMA1 
                                                            Stream 5           
                                                                               
                                                                 



ARM Macro Assembler    Page 4 


   87 00000084 00000000        DCD              DMA1_Stream6_IRQHandler ; DMA1 
                                                            Stream 6           
                                                                               
                                                                 
   88 00000088 00000000        DCD              ADC_IRQHandler ; ADC1, ADC2 and
                                                             ADC3s             
                                                                           
   89 0000008C 00000000        DCD              CAN1_TX_IRQHandler ; CAN1 TX   
                                                                               
                                                                               
                                                                   
   90 00000090 00000000        DCD              CAN1_RX0_IRQHandler ; CAN1 RX0 
                                                                               
                                                                               
                                                                    
   91 00000094 00000000        DCD              CAN1_RX1_IRQHandler ; CAN1 RX1 
                                                                               
                                                                               
                                                                    
   92 00000098 00000000        DCD              CAN1_SCE_IRQHandler ; CAN1 SCE 
                                                                               
                                                                               
                                                                    
   93 0000009C 00000000        DCD              EXTI9_5_IRQHandler ; External L
                                                            ine[9:5]s          
                                                                               
                                                                   
   94 000000A0 00000000        DCD              TIM1_BRK_TIM9_IRQHandler ; TIM1
                                                             Break and TIM9    
                                                                           
   95 000000A4 00000000        DCD              TIM1_UP_TIM10_IRQHandler ; TIM1
                                                             Update and TIM10  
                                                                           
   96 000000A8 00000000        DCD              TIM1_TRG_COM_TIM11_IRQHandler ;
                                                             TIM1 Trigger and C
                                                            ommutation and TIM1
                                                            1
   97 000000AC 00000000        DCD              TIM1_CC_IRQHandler ; TIM1 Captu
                                                            re Compare         
                                                                               
                                                                   
   98 000000B0 00000000        DCD              TIM2_IRQHandler ; TIM2         
                                                                               
                                                                            
   99 000000B4 00000000        DCD              TIM3_IRQHandler ; TIM3         
                                                                               
                                                                            
  100 000000B8 00000000        DCD              TIM4_IRQHandler ; TIM4         
                                                                               
                                                                            
  101 000000BC 00000000        DCD              I2C1_EV_IRQHandler ; I2C1 Event
                                                                               
                                                                               
                                                                   
  102 000000C0 00000000        DCD              I2C1_ER_IRQHandler ; I2C1 Error
                                                                               
                                                                               
                                                                   
  103 000000C4 00000000        DCD              I2C2_EV_IRQHandler ; I2C2 Event



ARM Macro Assembler    Page 5 


                                                                               
                                                                               
                                                                   
  104 000000C8 00000000        DCD              I2C2_ER_IRQHandler ; I2C2 Error
                                                                               
                                                                               
                                                                     
  105 000000CC 00000000        DCD              SPI1_IRQHandler ; SPI1         
                                                                               
                                                                            
  106 000000D0 00000000        DCD              SPI2_IRQHandler ; SPI2         
                                                                               
                                                                            
  107 000000D4 00000000        DCD              USART1_IRQHandler ; USART1     
                                                                               
                                                                              
  108 000000D8 00000000        DCD              USART2_IRQHandler ; USART2     
                                                                               
                                                                              
  109 000000DC 00000000        DCD              USART3_IRQHandler ; USART3     
                                                                               
                                                                              
  110 000000E0 00000000        DCD              EXTI15_10_IRQHandler ; External
                                                             Line[15:10]s      
                                                                               
                                                                     
  111 000000E4 00000000        DCD              RTC_Alarm_IRQHandler ; RTC Alar
                                                            m (A and B) through
                                                             EXTI Line         
                                                                     
  112 000000E8 00000000        DCD              OTG_FS_WKUP_IRQHandler ; USB OT
                                                            G FS Wakeup through
                                                             EXTI line         
                                                                           
  113 000000EC 00000000        DCD              TIM8_BRK_TIM12_IRQHandler ; TIM
                                                            8 Break and TIM12  
                                                                            
  114 000000F0 00000000        DCD              TIM8_UP_TIM13_IRQHandler ; TIM8
                                                             Update and TIM13  
                                                                           
  115 000000F4 00000000        DCD              TIM8_TRG_COM_TIM14_IRQHandler ;
                                                             TIM8 Trigger and C
                                                            ommutation and TIM1
                                                            4
  116 000000F8 00000000        DCD              TIM8_CC_IRQHandler ; TIM8 Captu
                                                            re Compare         
                                                                               
                                                                   
  117 000000FC 00000000        DCD              DMA1_Stream7_IRQHandler ; DMA1 
                                                            Stream7            
                                                                               
                                                                        
  118 00000100 00000000        DCD              FMC_IRQHandler ; FMC           
                                                                               
                                                                           
  119 00000104 00000000        DCD              SDIO_IRQHandler ; SDIO         
                                                                               
                                                                            
  120 00000108 00000000        DCD              TIM5_IRQHandler ; TIM5         



ARM Macro Assembler    Page 6 


                                                                               
                                                                            
  121 0000010C 00000000        DCD              SPI3_IRQHandler ; SPI3         
                                                                               
                                                                            
  122 00000110 00000000        DCD              UART4_IRQHandler ; UART4       
                                                                               
                                                                             
  123 00000114 00000000        DCD              UART5_IRQHandler ; UART5       
                                                                               
                                                                             
  124 00000118 00000000        DCD              TIM6_DAC_IRQHandler ; TIM6 and 
                                                            DAC1&2 underrun err
                                                            ors                
                                                               
  125 0000011C 00000000        DCD              TIM7_IRQHandler ; TIM7         
                                                                      
  126 00000120 00000000        DCD              DMA2_Stream0_IRQHandler ; DMA2 
                                                            Stream 0           
                                                                               
                                                                 
  127 00000124 00000000        DCD              DMA2_Stream1_IRQHandler ; DMA2 
                                                            Stream 1           
                                                                               
                                                                 
  128 00000128 00000000        DCD              DMA2_Stream2_IRQHandler ; DMA2 
                                                            Stream 2           
                                                                               
                                                                 
  129 0000012C 00000000        DCD              DMA2_Stream3_IRQHandler ; DMA2 
                                                            Stream 3           
                                                                               
                                                                 
  130 00000130 00000000        DCD              DMA2_Stream4_IRQHandler ; DMA2 
                                                            Stream 4           
                                                                               
                                                                 
  131 00000134 00000000        DCD              0           ; Reserved         
                                                                               
                                                                        
  132 00000138 00000000        DCD              0           ; Reserved         
                                                                         
  133 0000013C 00000000        DCD              CAN2_TX_IRQHandler ; CAN2 TX   
                                                                               
                                                                               
                                                                   
  134 00000140 00000000        DCD              CAN2_RX0_IRQHandler ; CAN2 RX0 
                                                                               
                                                                               
                                                                    
  135 00000144 00000000        DCD              CAN2_RX1_IRQHandler ; CAN2 RX1 
                                                                               
                                                                               
                                                                    
  136 00000148 00000000        DCD              CAN2_SCE_IRQHandler ; CAN2 SCE 
                                                                               
                                                                               
                                                                    
  137 0000014C 00000000        DCD              OTG_FS_IRQHandler ; USB OTG FS 



ARM Macro Assembler    Page 7 


                                                                               
                                                                              
  138 00000150 00000000        DCD              DMA2_Stream5_IRQHandler ; DMA2 
                                                            Stream 5           
                                                                               
                                                                 
  139 00000154 00000000        DCD              DMA2_Stream6_IRQHandler ; DMA2 
                                                            Stream 6           
                                                                               
                                                                 
  140 00000158 00000000        DCD              DMA2_Stream7_IRQHandler ; DMA2 
                                                            Stream 7           
                                                                               
                                                                 
  141 0000015C 00000000        DCD              USART6_IRQHandler ; USART6     
                                                                               
                                                                               
                                                            
  142 00000160 00000000        DCD              I2C3_EV_IRQHandler ; I2C3 event
                                                                               
                                                                               
                                                                   
  143 00000164 00000000        DCD              I2C3_ER_IRQHandler ; I2C3 error
                                                                               
                                                                               
                                                                   
  144 00000168 00000000        DCD              OTG_HS_EP1_OUT_IRQHandler ; USB
                                                             OTG HS End Point 1
                                                             Out               
                                                                   
  145 0000016C 00000000        DCD              OTG_HS_EP1_IN_IRQHandler ; USB 
                                                            OTG HS End Point 1 
                                                            In                 
                                                                  
  146 00000170 00000000        DCD              OTG_HS_WKUP_IRQHandler ; USB OT
                                                            G HS Wakeup through
                                                             EXTI              
                                                                       
  147 00000174 00000000        DCD              OTG_HS_IRQHandler ; USB OTG HS 
                                                                               
                                                                              
  148 00000178 00000000        DCD              DCMI_IRQHandler ; DCMI  
  149 0000017C 00000000        DCD              0           ; Reserved         
                                                                               
                                                                  
  150 00000180 00000000        DCD              0           ; Reserved
  151 00000184 00000000        DCD              FPU_IRQHandler ; FPU
  152 00000188 00000000        DCD              0           ; Reserved
  153 0000018C 00000000        DCD              0           ; Reserved
  154 00000190 00000000        DCD              SPI4_IRQHandler ; SPI4
  155 00000194 00000000        DCD              0           ; Reserved
  156 00000198 00000000        DCD              0           ; Reserved
  157 0000019C 00000000        DCD              SAI1_IRQHandler ; SAI1
  158 000001A0 00000000        DCD              0           ; Reserved
  159 000001A4 00000000        DCD              0           ; Reserved
  160 000001A8 00000000        DCD              0           ; Reserved
  161 000001AC 00000000        DCD              SAI2_IRQHandler ; SAI2
  162 000001B0 00000000        DCD              QuadSPI_IRQHandler ; QuadSPI
  163 000001B4 00000000        DCD              CEC_IRQHandler ; CEC



ARM Macro Assembler    Page 8 


  164 000001B8 00000000        DCD              SPDIF_RX_IRQHandler ; SPDIF RX
  165 000001BC 00000000        DCD              I2C4_Event_IRQHandler 
                                                            ; I2C 4 Event
  166 000001C0 00000000        DCD              I2C4_Error_IRQHandler ; I2C 4 E
                                                            rror               
                                                                      
  167 000001C4         __Vectors_End
  168 000001C4         
  169 000001C4 000001C4 
                       __Vectors_Size
                               EQU              __Vectors_End - __Vectors
  170 000001C4         
  171 000001C4                 AREA             |.text|, CODE, READONLY
  172 00000000         
  173 00000000         ; Reset handler
  174 00000000         Reset_Handler
                               PROC
  175 00000000                 EXPORT           Reset_Handler             [WEAK
]
  176 00000000                 IMPORT           SystemInit
  177 00000000                 IMPORT           __main
  178 00000000         
  179 00000000 4806            LDR              R0, =SystemInit
  180 00000002 4780            BLX              R0
  181 00000004 4806            LDR              R0, =__main
  182 00000006 4700            BX               R0
  183 00000008                 ENDP
  184 00000008         
  185 00000008         ; Dummy Exception Handlers (infinite loops which can be 
                       modified)
  186 00000008         
  187 00000008         NMI_Handler
                               PROC
  188 00000008                 EXPORT           NMI_Handler                [WEA
K]
  189 00000008 E7FE            B                .
  190 0000000A                 ENDP
  191 0000000A         HardFault_Handler
                               PROC
  192 0000000A         
  193 0000000A                 EXPORT           HardFault_Handler          [WEA
K]
  194 0000000A E7FE            B                .
  195 0000000C                 ENDP
  196 0000000C         MemManage_Handler
                               PROC
  197 0000000C         
  198 0000000C                 EXPORT           MemManage_Handler          [WEA
K]
  199 0000000C E7FE            B                .
  200 0000000E                 ENDP
  201 0000000E         BusFault_Handler
                               PROC
  202 0000000E         
  203 0000000E                 EXPORT           BusFault_Handler           [WEA
K]
  204 0000000E E7FE            B                .
  205 00000010                 ENDP
  206 00000010         UsageFault_Handler



ARM Macro Assembler    Page 9 


                               PROC
  207 00000010         
  208 00000010                 EXPORT           UsageFault_Handler         [WEA
K]
  209 00000010 E7FE            B                .
  210 00000012                 ENDP
  211 00000012         SVC_Handler
                               PROC
  212 00000012                 EXPORT           SVC_Handler                [WEA
K]
  213 00000012 E7FE            B                .
  214 00000014                 ENDP
  215 00000014         DebugMon_Handler
                               PROC
  216 00000014         
  217 00000014                 EXPORT           DebugMon_Handler           [WEA
K]
  218 00000014 E7FE            B                .
  219 00000016                 ENDP
  220 00000016         PendSV_Handler
                               PROC
  221 00000016                 EXPORT           PendSV_Handler             [WEA
K]
  222 00000016 E7FE            B                .
  223 00000018                 ENDP
  224 00000018         SysTick_Handler
                               PROC
  225 00000018                 EXPORT           SysTick_Handler            [WEA
K]
  226 00000018 E7FE            B                .
  227 0000001A                 ENDP
  228 0000001A         
  229 0000001A         Default_Handler
                               PROC
  230 0000001A         
  231 0000001A                 EXPORT           WWDG_IRQHandler                
   [WEAK]
  232 0000001A                 EXPORT           PVD_IRQHandler                 
   [WEAK]
  233 0000001A                 EXPORT           TAMP_STAMP_IRQHandler          
   [WEAK]
  234 0000001A                 EXPORT           RTC_WKUP_IRQHandler            
   [WEAK]
  235 0000001A                 EXPORT           FLASH_IRQHandler               
   [WEAK]
  236 0000001A                 EXPORT           RCC_IRQHandler                 
   [WEAK]
  237 0000001A                 EXPORT           EXTI0_IRQHandler               
   [WEAK]
  238 0000001A                 EXPORT           EXTI1_IRQHandler               
   [WEAK]
  239 0000001A                 EXPORT           EXTI2_IRQHandler               
   [WEAK]
  240 0000001A                 EXPORT           EXTI3_IRQHandler               
   [WEAK]
  241 0000001A                 EXPORT           EXTI4_IRQHandler               
   [WEAK]
  242 0000001A                 EXPORT           DMA1_Stream0_IRQHandler        
   [WEAK]



ARM Macro Assembler    Page 10 


  243 0000001A                 EXPORT           DMA1_Stream1_IRQHandler        
   [WEAK]
  244 0000001A                 EXPORT           DMA1_Stream2_IRQHandler        
   [WEAK]
  245 0000001A                 EXPORT           DMA1_Stream3_IRQHandler        
   [WEAK]
  246 0000001A                 EXPORT           DMA1_Stream4_IRQHandler        
   [WEAK]
  247 0000001A                 EXPORT           DMA1_Stream5_IRQHandler        
   [WEAK]
  248 0000001A                 EXPORT           DMA1_Stream6_IRQHandler        
   [WEAK]
  249 0000001A                 EXPORT           ADC_IRQHandler                 
   [WEAK]
  250 0000001A                 EXPORT           CAN1_TX_IRQHandler             
   [WEAK]
  251 0000001A                 EXPORT           CAN1_RX0_IRQHandler            
   [WEAK]
  252 0000001A                 EXPORT           CAN1_RX1_IRQHandler            
   [WEAK]
  253 0000001A                 EXPORT           CAN1_SCE_IRQHandler            
   [WEAK]
  254 0000001A                 EXPORT           EXTI9_5_IRQHandler             
   [WEAK]
  255 0000001A                 EXPORT           TIM1_BRK_TIM9_IRQHandler       
   [WEAK]
  256 0000001A                 EXPORT           TIM1_UP_TIM10_IRQHandler       
   [WEAK]
  257 0000001A                 EXPORT           TIM1_TRG_COM_TIM11_IRQHandler  
   [WEAK]
  258 0000001A                 EXPORT           TIM1_CC_IRQHandler             
   [WEAK]
  259 0000001A                 EXPORT           TIM2_IRQHandler                
   [WEAK]
  260 0000001A                 EXPORT           TIM3_IRQHandler                
   [WEAK]
  261 0000001A                 EXPORT           TIM4_IRQHandler                
   [WEAK]
  262 0000001A                 EXPORT           I2C1_EV_IRQHandler             
   [WEAK]
  263 0000001A                 EXPORT           I2C1_ER_IRQHandler             
   [WEAK]
  264 0000001A                 EXPORT           I2C2_EV_IRQHandler             
   [WEAK]
  265 0000001A                 EXPORT           I2C2_ER_IRQHandler             
   [WEAK]
  266 0000001A                 EXPORT           SPI1_IRQHandler                
   [WEAK]
  267 0000001A                 EXPORT           SPI2_IRQHandler                
   [WEAK]
  268 0000001A                 EXPORT           USART1_IRQHandler              
   [WEAK]
  269 0000001A                 EXPORT           USART2_IRQHandler              
   [WEAK]
  270 0000001A                 EXPORT           USART3_IRQHandler              
   [WEAK]
  271 0000001A                 EXPORT           EXTI15_10_IRQHandler           
   [WEAK]
  272 0000001A                 EXPORT           RTC_Alarm_IRQHandler           



ARM Macro Assembler    Page 11 


   [WEAK]
  273 0000001A                 EXPORT           OTG_FS_WKUP_IRQHandler         
   [WEAK]
  274 0000001A                 EXPORT           TIM8_BRK_TIM12_IRQHandler      
   [WEAK]
  275 0000001A                 EXPORT           TIM8_UP_TIM13_IRQHandler       
   [WEAK]
  276 0000001A                 EXPORT           TIM8_TRG_COM_TIM14_IRQHandler  
   [WEAK]
  277 0000001A                 EXPORT           TIM8_CC_IRQHandler             
   [WEAK]
  278 0000001A                 EXPORT           DMA1_Stream7_IRQHandler        
   [WEAK]
  279 0000001A                 EXPORT           FMC_IRQHandler                 
   [WEAK]
  280 0000001A                 EXPORT           SDIO_IRQHandler                
   [WEAK]
  281 0000001A                 EXPORT           TIM5_IRQHandler                
   [WEAK]
  282 0000001A                 EXPORT           SPI3_IRQHandler                
   [WEAK]
  283 0000001A                 EXPORT           UART4_IRQHandler               
   [WEAK]
  284 0000001A                 EXPORT           UART5_IRQHandler               
   [WEAK]
  285 0000001A                 EXPORT           TIM6_DAC_IRQHandler            
   [WEAK]
  286 0000001A                 EXPORT           TIM7_IRQHandler                
   [WEAK]
  287 0000001A                 EXPORT           DMA2_Stream0_IRQHandler        
   [WEAK]
  288 0000001A                 EXPORT           DMA2_Stream1_IRQHandler        
   [WEAK]
  289 0000001A                 EXPORT           DMA2_Stream2_IRQHandler        
   [WEAK]
  290 0000001A                 EXPORT           DMA2_Stream3_IRQHandler        
   [WEAK]
  291 0000001A                 EXPORT           DMA2_Stream4_IRQHandler        
   [WEAK]
  292 0000001A                 EXPORT           CAN2_TX_IRQHandler             
   [WEAK]
  293 0000001A                 EXPORT           CAN2_RX0_IRQHandler            
   [WEAK]
  294 0000001A                 EXPORT           CAN2_RX1_IRQHandler            
   [WEAK]
  295 0000001A                 EXPORT           CAN2_SCE_IRQHandler            
   [WEAK]
  296 0000001A                 EXPORT           OTG_FS_IRQHandler              
   [WEAK]
  297 0000001A                 EXPORT           DMA2_Stream5_IRQHandler        
   [WEAK]
  298 0000001A                 EXPORT           DMA2_Stream6_IRQHandler        
   [WEAK]
  299 0000001A                 EXPORT           DMA2_Stream7_IRQHandler        
   [WEAK]
  300 0000001A                 EXPORT           USART6_IRQHandler              
   [WEAK]
  301 0000001A                 EXPORT           I2C3_EV_IRQHandler             
   [WEAK]



ARM Macro Assembler    Page 12 


  302 0000001A                 EXPORT           I2C3_ER_IRQHandler             
   [WEAK]
  303 0000001A                 EXPORT           OTG_HS_EP1_OUT_IRQHandler      
   [WEAK]
  304 0000001A                 EXPORT           OTG_HS_EP1_IN_IRQHandler       
   [WEAK]
  305 0000001A                 EXPORT           OTG_HS_WKUP_IRQHandler         
   [WEAK]
  306 0000001A                 EXPORT           OTG_HS_IRQHandler              
   [WEAK]
  307 0000001A                 EXPORT           DCMI_IRQHandler                
   [WEAK]
  308 0000001A                 EXPORT           FPU_IRQHandler                 
   [WEAK]
  309 0000001A                 EXPORT           SPI4_IRQHandler                
   [WEAK]
  310 0000001A                 EXPORT           SAI1_IRQHandler                
   [WEAK]
  311 0000001A                 EXPORT           SPI4_IRQHandler                
   [WEAK]
  312 0000001A                 EXPORT           SAI1_IRQHandler                
   [WEAK]
  313 0000001A                 EXPORT           SAI2_IRQHandler                
   [WEAK]
  314 0000001A                 EXPORT           QuadSPI_IRQHandler             
   [WEAK]
  315 0000001A                 EXPORT           CEC_IRQHandler                 
   [WEAK]
  316 0000001A                 EXPORT           SPDIF_RX_IRQHandler            
   [WEAK]
  317 0000001A                 EXPORT           I2C4_Event_IRQHandler          
   [WEAK]
  318 0000001A                 EXPORT           I2C4_Error_IRQHandler          
   [WEAK]
  319 0000001A         
  320 0000001A         WWDG_IRQHandler
  321 0000001A         PVD_IRQHandler
  322 0000001A         TAMP_STAMP_IRQHandler
  323 0000001A         RTC_WKUP_IRQHandler
  324 0000001A         FLASH_IRQHandler
  325 0000001A         RCC_IRQHandler
  326 0000001A         EXTI0_IRQHandler
  327 0000001A         EXTI1_IRQHandler
  328 0000001A         EXTI2_IRQHandler
  329 0000001A         EXTI3_IRQHandler
  330 0000001A         EXTI4_IRQHandler
  331 0000001A         DMA1_Stream0_IRQHandler
  332 0000001A         DMA1_Stream1_IRQHandler
  333 0000001A         DMA1_Stream2_IRQHandler
  334 0000001A         DMA1_Stream3_IRQHandler
  335 0000001A         DMA1_Stream4_IRQHandler
  336 0000001A         DMA1_Stream5_IRQHandler
  337 0000001A         DMA1_Stream6_IRQHandler
  338 0000001A         ADC_IRQHandler
  339 0000001A         CAN1_TX_IRQHandler
  340 0000001A         CAN1_RX0_IRQHandler
  341 0000001A         CAN1_RX1_IRQHandler
  342 0000001A         CAN1_SCE_IRQHandler
  343 0000001A         EXTI9_5_IRQHandler



ARM Macro Assembler    Page 13 


  344 0000001A         TIM1_BRK_TIM9_IRQHandler
  345 0000001A         TIM1_UP_TIM10_IRQHandler
  346 0000001A         TIM1_TRG_COM_TIM11_IRQHandler
  347 0000001A         TIM1_CC_IRQHandler
  348 0000001A         TIM2_IRQHandler
  349 0000001A         TIM3_IRQHandler
  350 0000001A         TIM4_IRQHandler
  351 0000001A         I2C1_EV_IRQHandler
  352 0000001A         I2C1_ER_IRQHandler
  353 0000001A         I2C2_EV_IRQHandler
  354 0000001A         I2C2_ER_IRQHandler
  355 0000001A         SPI1_IRQHandler
  356 0000001A         SPI2_IRQHandler
  357 0000001A         USART1_IRQHandler
  358 0000001A         USART2_IRQHandler
  359 0000001A         USART3_IRQHandler
  360 0000001A         EXTI15_10_IRQHandler
  361 0000001A         RTC_Alarm_IRQHandler
  362 0000001A         OTG_FS_WKUP_IRQHandler
  363 0000001A         TIM8_BRK_TIM12_IRQHandler
  364 0000001A         TIM8_UP_TIM13_IRQHandler
  365 0000001A         TIM8_TRG_COM_TIM14_IRQHandler
  366 0000001A         TIM8_CC_IRQHandler
  367 0000001A         DMA1_Stream7_IRQHandler
  368 0000001A         FMC_IRQHandler
  369 0000001A         SDIO_IRQHandler
  370 0000001A         TIM5_IRQHandler
  371 0000001A         SPI3_IRQHandler
  372 0000001A         UART4_IRQHandler
  373 0000001A         UART5_IRQHandler
  374 0000001A         TIM6_DAC_IRQHandler
  375 0000001A         TIM7_IRQHandler
  376 0000001A         DMA2_Stream0_IRQHandler
  377 0000001A         DMA2_Stream1_IRQHandler
  378 0000001A         DMA2_Stream2_IRQHandler
  379 0000001A         DMA2_Stream3_IRQHandler
  380 0000001A         DMA2_Stream4_IRQHandler
  381 0000001A         CAN2_TX_IRQHandler
  382 0000001A         CAN2_RX0_IRQHandler
  383 0000001A         CAN2_RX1_IRQHandler
  384 0000001A         CAN2_SCE_IRQHandler
  385 0000001A         OTG_FS_IRQHandler
  386 0000001A         DMA2_Stream5_IRQHandler
  387 0000001A         DMA2_Stream6_IRQHandler
  388 0000001A         DMA2_Stream7_IRQHandler
  389 0000001A         USART6_IRQHandler
  390 0000001A         I2C3_EV_IRQHandler
  391 0000001A         I2C3_ER_IRQHandler
  392 0000001A         OTG_HS_EP1_OUT_IRQHandler
  393 0000001A         OTG_HS_EP1_IN_IRQHandler
  394 0000001A         OTG_HS_WKUP_IRQHandler
  395 0000001A         OTG_HS_IRQHandler
  396 0000001A         DCMI_IRQHandler
  397 0000001A         FPU_IRQHandler
  398 0000001A         SPI4_IRQHandler
  399 0000001A         SAI1_IRQHandler
  400 0000001A         SAI2_IRQHandler
  401 0000001A         QuadSPI_IRQHandler
  402 0000001A         CEC_IRQHandler



ARM Macro Assembler    Page 14 


  403 0000001A         SPDIF_RX_IRQHandler
  404 0000001A         I2C4_Event_IRQHandler
  405 0000001A         I2C4_Error_IRQHandler
  406 0000001A E7FE            B                .
  407 0000001C         
  408 0000001C                 ENDP
  409 0000001C         
  410 0000001C                 ALIGN
  411 0000001C                 END
              00000000 
              00000000 
Command Line: --debug --xref --cpreproc --diag_suppress=9931 --cpu=Cortex-M4.fp
 --apcs=interwork --depend=.\build\startup_stm32f446xx.d -o.\build\startup_stm3
2f446xx.o -I"E:\寒假文献\MIT mini cheetah电机控制\MIT_FOC_STM32\Hobbyking_Cheet
ah_Compact_DRV8323_uvision5_nucleo_f446re\Hobbyking_Cheetah_Compact_DRV8323\RTE
" -ID:\MDK5\ARM\PACK\Keil\STM32F4xx_DFP\2.13.0 -ID:\MDK5\ARM\CMSIS\Include --pr
edefine="__UVISION_VERSION SETA 514" --predefine="STM32F446xx SETA 1" --cprepro
c_opts=-D__ASSERT_MSG,-DTRANSACTION_QUEUE_SIZE_SPI=2,-D__CORTEX_M4,-DUSB_STM_HA
L,-DARM_MATH_CM4,-D__FPU_PRESENT=1,-DUSBHOST_OTHER,-D__MBED_CMSIS_RTOS_CM,-D__C
MSIS_RTOS --list=.\build\startup_stm32f446xx.lst mbed-dev/targets/TARGET_STM/TA
RGET_STM32F4/TARGET_STM32F446xE/device/TOOLCHAIN_ARM_STD/startup_stm32f446xx.s



ARM Macro Assembler    Page 1 Alphabetic symbol ordering
Relocatable symbols

RESET 00000000

Symbol: RESET
   Definitions
      At line 47 in file mbed-dev\targets\TARGET_STM\TARGET_STM32F4\TARGET_STM3
2F446xE\device\TOOLCHAIN_ARM_STD\startup_stm32f446xx.s
   Uses
      None
Comment: RESET unused
__Vectors 00000000

Symbol: __Vectors
   Definitions
      At line 52 in file mbed-dev\targets\TARGET_STM\TARGET_STM32F4\TARGET_STM3
2F446xE\device\TOOLCHAIN_ARM_STD\startup_stm32f446xx.s
   Uses
      At line 48 in file mbed-dev\targets\TARGET_STM\TARGET_STM32F4\TARGET_STM3
2F446xE\device\TOOLCHAIN_ARM_STD\startup_stm32f446xx.s
      At line 169 in file mbed-dev\targets\TARGET_STM\TARGET_STM32F4\TARGET_STM
32F446xE\device\TOOLCHAIN_ARM_STD\startup_stm32f446xx.s

__Vectors_End 000001C4

Symbol: __Vectors_End
   Definitions
      At line 167 in file mbed-dev\targets\TARGET_STM\TARGET_STM32F4\TARGET_STM
32F446xE\device\TOOLCHAIN_ARM_STD\startup_stm32f446xx.s
   Uses
      At line 49 in file mbed-dev\targets\TARGET_STM\TARGET_STM32F4\TARGET_STM3
2F446xE\device\TOOLCHAIN_ARM_STD\startup_stm32f446xx.s
      At line 169 in file mbed-dev\targets\TARGET_STM\TARGET_STM32F4\TARGET_STM
32F446xE\device\TOOLCHAIN_ARM_STD\startup_stm32f446xx.s

3 symbols



ARM Macro Assembler    Page 1 Alphabetic symbol ordering
Relocatable symbols

.text 00000000

Symbol: .text
   Definitions
      At line 171 in file mbed-dev\targets\TARGET_STM\TARGET_STM32F4\TARGET_STM
32F446xE\device\TOOLCHAIN_ARM_STD\startup_stm32f446xx.s
   Uses
      None
Comment: .text unused
ADC_IRQHandler 0000001A

Symbol: ADC_IRQHandler
   Definitions
      At line 338 in file mbed-dev\targets\TARGET_STM\TARGET_STM32F4\TARGET_STM
32F446xE\device\TOOLCHAIN_ARM_STD\startup_stm32f446xx.s
   Uses
      At line 88 in file mbed-dev\targets\TARGET_STM\TARGET_STM32F4\TARGET_STM3
2F446xE\device\TOOLCHAIN_ARM_STD\startup_stm32f446xx.s
      At line 249 in file mbed-dev\targets\TARGET_STM\TARGET_STM32F4\TARGET_STM
32F446xE\device\TOOLCHAIN_ARM_STD\startup_stm32f446xx.s

BusFault_Handler 0000000E

Symbol: BusFault_Handler
   Definitions
      At line 201 in file mbed-dev\targets\TARGET_STM\TARGET_STM32F4\TARGET_STM
32F446xE\device\TOOLCHAIN_ARM_STD\startup_stm32f446xx.s
   Uses
      At line 57 in file mbed-dev\targets\TARGET_STM\TARGET_STM32F4\TARGET_STM3
2F446xE\device\TOOLCHAIN_ARM_STD\startup_stm32f446xx.s
      At line 203 in file mbed-dev\targets\TARGET_STM\TARGET_STM32F4\TARGET_STM
32F446xE\device\TOOLCHAIN_ARM_STD\startup_stm32f446xx.s

CAN1_RX0_IRQHandler 0000001A

Symbol: CAN1_RX0_IRQHandler
   Definitions
      At line 340 in file mbed-dev\targets\TARGET_STM\TARGET_STM32F4\TARGET_STM
32F446xE\device\TOOLCHAIN_ARM_STD\startup_stm32f446xx.s
   Uses
      At line 90 in file mbed-dev\targets\TARGET_STM\TARGET_STM32F4\TARGET_STM3
2F446xE\device\TOOLCHAIN_ARM_STD\startup_stm32f446xx.s
      At line 251 in file mbed-dev\targets\TARGET_STM\TARGET_STM32F4\TARGET_STM
32F446xE\device\TOOLCHAIN_ARM_STD\startup_stm32f446xx.s

CAN1_RX1_IRQHandler 0000001A

Symbol: CAN1_RX1_IRQHandler
   Definitions
      At line 341 in file mbed-dev\targets\TARGET_STM\TARGET_STM32F4\TARGET_STM
32F446xE\device\TOOLCHAIN_ARM_STD\startup_stm32f446xx.s
   Uses
      At line 91 in file mbed-dev\targets\TARGET_STM\TARGET_STM32F4\TARGET_STM3
2F446xE\device\TOOLCHAIN_ARM_STD\startup_stm32f446xx.s
      At line 252 in file mbed-dev\targets\TARGET_STM\TARGET_STM32F4\TARGET_STM
32F446xE\device\TOOLCHAIN_ARM_STD\startup_stm32f446xx.s

CAN1_SCE_IRQHandler 0000001A




ARM Macro Assembler    Page 2 Alphabetic symbol ordering
Relocatable symbols

Symbol: CAN1_SCE_IRQHandler
   Definitions
      At line 342 in file mbed-dev\targets\TARGET_STM\TARGET_STM32F4\TARGET_STM
32F446xE\device\TOOLCHAIN_ARM_STD\startup_stm32f446xx.s
   Uses
      At line 92 in file mbed-dev\targets\TARGET_STM\TARGET_STM32F4\TARGET_STM3
2F446xE\device\TOOLCHAIN_ARM_STD\startup_stm32f446xx.s
      At line 253 in file mbed-dev\targets\TARGET_STM\TARGET_STM32F4\TARGET_STM
32F446xE\device\TOOLCHAIN_ARM_STD\startup_stm32f446xx.s

CAN1_TX_IRQHandler 0000001A

Symbol: CAN1_TX_IRQHandler
   Definitions
      At line 339 in file mbed-dev\targets\TARGET_STM\TARGET_STM32F4\TARGET_STM
32F446xE\device\TOOLCHAIN_ARM_STD\startup_stm32f446xx.s
   Uses
      At line 89 in file mbed-dev\targets\TARGET_STM\TARGET_STM32F4\TARGET_STM3
2F446xE\device\TOOLCHAIN_ARM_STD\startup_stm32f446xx.s
      At line 250 in file mbed-dev\targets\TARGET_STM\TARGET_STM32F4\TARGET_STM
32F446xE\device\TOOLCHAIN_ARM_STD\startup_stm32f446xx.s

CAN2_RX0_IRQHandler 0000001A

Symbol: CAN2_RX0_IRQHandler
   Definitions
      At line 382 in file mbed-dev\targets\TARGET_STM\TARGET_STM32F4\TARGET_STM
32F446xE\device\TOOLCHAIN_ARM_STD\startup_stm32f446xx.s
   Uses
      At line 134 in file mbed-dev\targets\TARGET_STM\TARGET_STM32F4\TARGET_STM
32F446xE\device\TOOLCHAIN_ARM_STD\startup_stm32f446xx.s
      At line 293 in file mbed-dev\targets\TARGET_STM\TARGET_STM32F4\TARGET_STM
32F446xE\device\TOOLCHAIN_ARM_STD\startup_stm32f446xx.s

CAN2_RX1_IRQHandler 0000001A

Symbol: CAN2_RX1_IRQHandler
   Definitions
      At line 383 in file mbed-dev\targets\TARGET_STM\TARGET_STM32F4\TARGET_STM
32F446xE\device\TOOLCHAIN_ARM_STD\startup_stm32f446xx.s
   Uses
      At line 135 in file mbed-dev\targets\TARGET_STM\TARGET_STM32F4\TARGET_STM
32F446xE\device\TOOLCHAIN_ARM_STD\startup_stm32f446xx.s
      At line 294 in file mbed-dev\targets\TARGET_STM\TARGET_STM32F4\TARGET_STM
32F446xE\device\TOOLCHAIN_ARM_STD\startup_stm32f446xx.s

CAN2_SCE_IRQHandler 0000001A

Symbol: CAN2_SCE_IRQHandler
   Definitions
      At line 384 in file mbed-dev\targets\TARGET_STM\TARGET_STM32F4\TARGET_STM
32F446xE\device\TOOLCHAIN_ARM_STD\startup_stm32f446xx.s
   Uses
      At line 136 in file mbed-dev\targets\TARGET_STM\TARGET_STM32F4\TARGET_STM
32F446xE\device\TOOLCHAIN_ARM_STD\startup_stm32f446xx.s
      At line 295 in file mbed-dev\targets\TARGET_STM\TARGET_STM32F4\TARGET_STM
32F446xE\device\TOOLCHAIN_ARM_STD\startup_stm32f446xx.s

CAN2_TX_IRQHandler 0000001A



ARM Macro Assembler    Page 3 Alphabetic symbol ordering
Relocatable symbols


Symbol: CAN2_TX_IRQHandler
   Definitions
      At line 381 in file mbed-dev\targets\TARGET_STM\TARGET_STM32F4\TARGET_STM
32F446xE\device\TOOLCHAIN_ARM_STD\startup_stm32f446xx.s
   Uses
      At line 133 in file mbed-dev\targets\TARGET_STM\TARGET_STM32F4\TARGET_STM
32F446xE\device\TOOLCHAIN_ARM_STD\startup_stm32f446xx.s
      At line 292 in file mbed-dev\targets\TARGET_STM\TARGET_STM32F4\TARGET_STM
32F446xE\device\TOOLCHAIN_ARM_STD\startup_stm32f446xx.s

CEC_IRQHandler 0000001A

Symbol: CEC_IRQHandler
   Definitions
      At line 402 in file mbed-dev\targets\TARGET_STM\TARGET_STM32F4\TARGET_STM
32F446xE\device\TOOLCHAIN_ARM_STD\startup_stm32f446xx.s
   Uses
      At line 163 in file mbed-dev\targets\TARGET_STM\TARGET_STM32F4\TARGET_STM
32F446xE\device\TOOLCHAIN_ARM_STD\startup_stm32f446xx.s
      At line 315 in file mbed-dev\targets\TARGET_STM\TARGET_STM32F4\TARGET_STM
32F446xE\device\TOOLCHAIN_ARM_STD\startup_stm32f446xx.s

DCMI_IRQHandler 0000001A

Symbol: DCMI_IRQHandler
   Definitions
      At line 396 in file mbed-dev\targets\TARGET_STM\TARGET_STM32F4\TARGET_STM
32F446xE\device\TOOLCHAIN_ARM_STD\startup_stm32f446xx.s
   Uses
      At line 148 in file mbed-dev\targets\TARGET_STM\TARGET_STM32F4\TARGET_STM
32F446xE\device\TOOLCHAIN_ARM_STD\startup_stm32f446xx.s
      At line 307 in file mbed-dev\targets\TARGET_STM\TARGET_STM32F4\TARGET_STM
32F446xE\device\TOOLCHAIN_ARM_STD\startup_stm32f446xx.s

DMA1_Stream0_IRQHandler 0000001A

Symbol: DMA1_Stream0_IRQHandler
   Definitions
      At line 331 in file mbed-dev\targets\TARGET_STM\TARGET_STM32F4\TARGET_STM
32F446xE\device\TOOLCHAIN_ARM_STD\startup_stm32f446xx.s
   Uses
      At line 81 in file mbed-dev\targets\TARGET_STM\TARGET_STM32F4\TARGET_STM3
2F446xE\device\TOOLCHAIN_ARM_STD\startup_stm32f446xx.s
      At line 242 in file mbed-dev\targets\TARGET_STM\TARGET_STM32F4\TARGET_STM
32F446xE\device\TOOLCHAIN_ARM_STD\startup_stm32f446xx.s

DMA1_Stream1_IRQHandler 0000001A

Symbol: DMA1_Stream1_IRQHandler
   Definitions
      At line 332 in file mbed-dev\targets\TARGET_STM\TARGET_STM32F4\TARGET_STM
32F446xE\device\TOOLCHAIN_ARM_STD\startup_stm32f446xx.s
   Uses
      At line 82 in file mbed-dev\targets\TARGET_STM\TARGET_STM32F4\TARGET_STM3
2F446xE\device\TOOLCHAIN_ARM_STD\startup_stm32f446xx.s
      At line 243 in file mbed-dev\targets\TARGET_STM\TARGET_STM32F4\TARGET_STM
32F446xE\device\TOOLCHAIN_ARM_STD\startup_stm32f446xx.s




ARM Macro Assembler    Page 4 Alphabetic symbol ordering
Relocatable symbols

DMA1_Stream2_IRQHandler 0000001A

Symbol: DMA1_Stream2_IRQHandler
   Definitions
      At line 333 in file mbed-dev\targets\TARGET_STM\TARGET_STM32F4\TARGET_STM
32F446xE\device\TOOLCHAIN_ARM_STD\startup_stm32f446xx.s
   Uses
      At line 83 in file mbed-dev\targets\TARGET_STM\TARGET_STM32F4\TARGET_STM3
2F446xE\device\TOOLCHAIN_ARM_STD\startup_stm32f446xx.s
      At line 244 in file mbed-dev\targets\TARGET_STM\TARGET_STM32F4\TARGET_STM
32F446xE\device\TOOLCHAIN_ARM_STD\startup_stm32f446xx.s

DMA1_Stream3_IRQHandler 0000001A

Symbol: DMA1_Stream3_IRQHandler
   Definitions
      At line 334 in file mbed-dev\targets\TARGET_STM\TARGET_STM32F4\TARGET_STM
32F446xE\device\TOOLCHAIN_ARM_STD\startup_stm32f446xx.s
   Uses
      At line 84 in file mbed-dev\targets\TARGET_STM\TARGET_STM32F4\TARGET_STM3
2F446xE\device\TOOLCHAIN_ARM_STD\startup_stm32f446xx.s
      At line 245 in file mbed-dev\targets\TARGET_STM\TARGET_STM32F4\TARGET_STM
32F446xE\device\TOOLCHAIN_ARM_STD\startup_stm32f446xx.s

DMA1_Stream4_IRQHandler 0000001A

Symbol: DMA1_Stream4_IRQHandler
   Definitions
      At line 335 in file mbed-dev\targets\TARGET_STM\TARGET_STM32F4\TARGET_STM
32F446xE\device\TOOLCHAIN_ARM_STD\startup_stm32f446xx.s
   Uses
      At line 85 in file mbed-dev\targets\TARGET_STM\TARGET_STM32F4\TARGET_STM3
2F446xE\device\TOOLCHAIN_ARM_STD\startup_stm32f446xx.s
      At line 246 in file mbed-dev\targets\TARGET_STM\TARGET_STM32F4\TARGET_STM
32F446xE\device\TOOLCHAIN_ARM_STD\startup_stm32f446xx.s

DMA1_Stream5_IRQHandler 0000001A

Symbol: DMA1_Stream5_IRQHandler
   Definitions
      At line 336 in file mbed-dev\targets\TARGET_STM\TARGET_STM32F4\TARGET_STM
32F446xE\device\TOOLCHAIN_ARM_STD\startup_stm32f446xx.s
   Uses
      At line 86 in file mbed-dev\targets\TARGET_STM\TARGET_STM32F4\TARGET_STM3
2F446xE\device\TOOLCHAIN_ARM_STD\startup_stm32f446xx.s
      At line 247 in file mbed-dev\targets\TARGET_STM\TARGET_STM32F4\TARGET_STM
32F446xE\device\TOOLCHAIN_ARM_STD\startup_stm32f446xx.s

DMA1_Stream6_IRQHandler 0000001A

Symbol: DMA1_Stream6_IRQHandler
   Definitions
      At line 337 in file mbed-dev\targets\TARGET_STM\TARGET_STM32F4\TARGET_STM
32F446xE\device\TOOLCHAIN_ARM_STD\startup_stm32f446xx.s
   Uses
      At line 87 in file mbed-dev\targets\TARGET_STM\TARGET_STM32F4\TARGET_STM3
2F446xE\device\TOOLCHAIN_ARM_STD\startup_stm32f446xx.s
      At line 248 in file mbed-dev\targets\TARGET_STM\TARGET_STM32F4\TARGET_STM
32F446xE\device\TOOLCHAIN_ARM_STD\startup_stm32f446xx.s



ARM Macro Assembler    Page 5 Alphabetic symbol ordering
Relocatable symbols


DMA1_Stream7_IRQHandler 0000001A

Symbol: DMA1_Stream7_IRQHandler
   Definitions
      At line 367 in file mbed-dev\targets\TARGET_STM\TARGET_STM32F4\TARGET_STM
32F446xE\device\TOOLCHAIN_ARM_STD\startup_stm32f446xx.s
   Uses
      At line 117 in file mbed-dev\targets\TARGET_STM\TARGET_STM32F4\TARGET_STM
32F446xE\device\TOOLCHAIN_ARM_STD\startup_stm32f446xx.s
      At line 278 in file mbed-dev\targets\TARGET_STM\TARGET_STM32F4\TARGET_STM
32F446xE\device\TOOLCHAIN_ARM_STD\startup_stm32f446xx.s

DMA2_Stream0_IRQHandler 0000001A

Symbol: DMA2_Stream0_IRQHandler
   Definitions
      At line 376 in file mbed-dev\targets\TARGET_STM\TARGET_STM32F4\TARGET_STM
32F446xE\device\TOOLCHAIN_ARM_STD\startup_stm32f446xx.s
   Uses
      At line 126 in file mbed-dev\targets\TARGET_STM\TARGET_STM32F4\TARGET_STM
32F446xE\device\TOOLCHAIN_ARM_STD\startup_stm32f446xx.s
      At line 287 in file mbed-dev\targets\TARGET_STM\TARGET_STM32F4\TARGET_STM
32F446xE\device\TOOLCHAIN_ARM_STD\startup_stm32f446xx.s

DMA2_Stream1_IRQHandler 0000001A

Symbol: DMA2_Stream1_IRQHandler
   Definitions
      At line 377 in file mbed-dev\targets\TARGET_STM\TARGET_STM32F4\TARGET_STM
32F446xE\device\TOOLCHAIN_ARM_STD\startup_stm32f446xx.s
   Uses
      At line 127 in file mbed-dev\targets\TARGET_STM\TARGET_STM32F4\TARGET_STM
32F446xE\device\TOOLCHAIN_ARM_STD\startup_stm32f446xx.s
      At line 288 in file mbed-dev\targets\TARGET_STM\TARGET_STM32F4\TARGET_STM
32F446xE\device\TOOLCHAIN_ARM_STD\startup_stm32f446xx.s

DMA2_Stream2_IRQHandler 0000001A

Symbol: DMA2_Stream2_IRQHandler
   Definitions
      At line 378 in file mbed-dev\targets\TARGET_STM\TARGET_STM32F4\TARGET_STM
32F446xE\device\TOOLCHAIN_ARM_STD\startup_stm32f446xx.s
   Uses
      At line 128 in file mbed-dev\targets\TARGET_STM\TARGET_STM32F4\TARGET_STM
32F446xE\device\TOOLCHAIN_ARM_STD\startup_stm32f446xx.s
      At line 289 in file mbed-dev\targets\TARGET_STM\TARGET_STM32F4\TARGET_STM
32F446xE\device\TOOLCHAIN_ARM_STD\startup_stm32f446xx.s

DMA2_Stream3_IRQHandler 0000001A

Symbol: DMA2_Stream3_IRQHandler
   Definitions
      At line 379 in file mbed-dev\targets\TARGET_STM\TARGET_STM32F4\TARGET_STM
32F446xE\device\TOOLCHAIN_ARM_STD\startup_stm32f446xx.s
   Uses
      At line 129 in file mbed-dev\targets\TARGET_STM\TARGET_STM32F4\TARGET_STM
32F446xE\device\TOOLCHAIN_ARM_STD\startup_stm32f446xx.s
      At line 290 in file mbed-dev\targets\TARGET_STM\TARGET_STM32F4\TARGET_STM



ARM Macro Assembler    Page 6 Alphabetic symbol ordering
Relocatable symbols

32F446xE\device\TOOLCHAIN_ARM_STD\startup_stm32f446xx.s

DMA2_Stream4_IRQHandler 0000001A

Symbol: DMA2_Stream4_IRQHandler
   Definitions
      At line 380 in file mbed-dev\targets\TARGET_STM\TARGET_STM32F4\TARGET_STM
32F446xE\device\TOOLCHAIN_ARM_STD\startup_stm32f446xx.s
   Uses
      At line 130 in file mbed-dev\targets\TARGET_STM\TARGET_STM32F4\TARGET_STM
32F446xE\device\TOOLCHAIN_ARM_STD\startup_stm32f446xx.s
      At line 291 in file mbed-dev\targets\TARGET_STM\TARGET_STM32F4\TARGET_STM
32F446xE\device\TOOLCHAIN_ARM_STD\startup_stm32f446xx.s

DMA2_Stream5_IRQHandler 0000001A

Symbol: DMA2_Stream5_IRQHandler
   Definitions
      At line 386 in file mbed-dev\targets\TARGET_STM\TARGET_STM32F4\TARGET_STM
32F446xE\device\TOOLCHAIN_ARM_STD\startup_stm32f446xx.s
   Uses
      At line 138 in file mbed-dev\targets\TARGET_STM\TARGET_STM32F4\TARGET_STM
32F446xE\device\TOOLCHAIN_ARM_STD\startup_stm32f446xx.s
      At line 297 in file mbed-dev\targets\TARGET_STM\TARGET_STM32F4\TARGET_STM
32F446xE\device\TOOLCHAIN_ARM_STD\startup_stm32f446xx.s

DMA2_Stream6_IRQHandler 0000001A

Symbol: DMA2_Stream6_IRQHandler
   Definitions
      At line 387 in file mbed-dev\targets\TARGET_STM\TARGET_STM32F4\TARGET_STM
32F446xE\device\TOOLCHAIN_ARM_STD\startup_stm32f446xx.s
   Uses
      At line 139 in file mbed-dev\targets\TARGET_STM\TARGET_STM32F4\TARGET_STM
32F446xE\device\TOOLCHAIN_ARM_STD\startup_stm32f446xx.s
      At line 298 in file mbed-dev\targets\TARGET_STM\TARGET_STM32F4\TARGET_STM
32F446xE\device\TOOLCHAIN_ARM_STD\startup_stm32f446xx.s

DMA2_Stream7_IRQHandler 0000001A

Symbol: DMA2_Stream7_IRQHandler
   Definitions
      At line 388 in file mbed-dev\targets\TARGET_STM\TARGET_STM32F4\TARGET_STM
32F446xE\device\TOOLCHAIN_ARM_STD\startup_stm32f446xx.s
   Uses
      At line 140 in file mbed-dev\targets\TARGET_STM\TARGET_STM32F4\TARGET_STM
32F446xE\device\TOOLCHAIN_ARM_STD\startup_stm32f446xx.s
      At line 299 in file mbed-dev\targets\TARGET_STM\TARGET_STM32F4\TARGET_STM
32F446xE\device\TOOLCHAIN_ARM_STD\startup_stm32f446xx.s

DebugMon_Handler 00000014

Symbol: DebugMon_Handler
   Definitions
      At line 215 in file mbed-dev\targets\TARGET_STM\TARGET_STM32F4\TARGET_STM
32F446xE\device\TOOLCHAIN_ARM_STD\startup_stm32f446xx.s
   Uses
      At line 64 in file mbed-dev\targets\TARGET_STM\TARGET_STM32F4\TARGET_STM3
2F446xE\device\TOOLCHAIN_ARM_STD\startup_stm32f446xx.s



ARM Macro Assembler    Page 7 Alphabetic symbol ordering
Relocatable symbols

      At line 217 in file mbed-dev\targets\TARGET_STM\TARGET_STM32F4\TARGET_STM
32F446xE\device\TOOLCHAIN_ARM_STD\startup_stm32f446xx.s

Default_Handler 0000001A

Symbol: Default_Handler
   Definitions
      At line 229 in file mbed-dev\targets\TARGET_STM\TARGET_STM32F4\TARGET_STM
32F446xE\device\TOOLCHAIN_ARM_STD\startup_stm32f446xx.s
   Uses
      None
Comment: Default_Handler unused
EXTI0_IRQHandler 0000001A

Symbol: EXTI0_IRQHandler
   Definitions
      At line 326 in file mbed-dev\targets\TARGET_STM\TARGET_STM32F4\TARGET_STM
32F446xE\device\TOOLCHAIN_ARM_STD\startup_stm32f446xx.s
   Uses
      At line 76 in file mbed-dev\targets\TARGET_STM\TARGET_STM32F4\TARGET_STM3
2F446xE\device\TOOLCHAIN_ARM_STD\startup_stm32f446xx.s
      At line 237 in file mbed-dev\targets\TARGET_STM\TARGET_STM32F4\TARGET_STM
32F446xE\device\TOOLCHAIN_ARM_STD\startup_stm32f446xx.s

EXTI15_10_IRQHandler 0000001A

Symbol: EXTI15_10_IRQHandler
   Definitions
      At line 360 in file mbed-dev\targets\TARGET_STM\TARGET_STM32F4\TARGET_STM
32F446xE\device\TOOLCHAIN_ARM_STD\startup_stm32f446xx.s
   Uses
      At line 110 in file mbed-dev\targets\TARGET_STM\TARGET_STM32F4\TARGET_STM
32F446xE\device\TOOLCHAIN_ARM_STD\startup_stm32f446xx.s
      At line 271 in file mbed-dev\targets\TARGET_STM\TARGET_STM32F4\TARGET_STM
32F446xE\device\TOOLCHAIN_ARM_STD\startup_stm32f446xx.s

EXTI1_IRQHandler 0000001A

Symbol: EXTI1_IRQHandler
   Definitions
      At line 327 in file mbed-dev\targets\TARGET_STM\TARGET_STM32F4\TARGET_STM
32F446xE\device\TOOLCHAIN_ARM_STD\startup_stm32f446xx.s
   Uses
      At line 77 in file mbed-dev\targets\TARGET_STM\TARGET_STM32F4\TARGET_STM3
2F446xE\device\TOOLCHAIN_ARM_STD\startup_stm32f446xx.s
      At line 238 in file mbed-dev\targets\TARGET_STM\TARGET_STM32F4\TARGET_STM
32F446xE\device\TOOLCHAIN_ARM_STD\startup_stm32f446xx.s

EXTI2_IRQHandler 0000001A

Symbol: EXTI2_IRQHandler
   Definitions
      At line 328 in file mbed-dev\targets\TARGET_STM\TARGET_STM32F4\TARGET_STM
32F446xE\device\TOOLCHAIN_ARM_STD\startup_stm32f446xx.s
   Uses
      At line 78 in file mbed-dev\targets\TARGET_STM\TARGET_STM32F4\TARGET_STM3
2F446xE\device\TOOLCHAIN_ARM_STD\startup_stm32f446xx.s
      At line 239 in file mbed-dev\targets\TARGET_STM\TARGET_STM32F4\TARGET_STM
32F446xE\device\TOOLCHAIN_ARM_STD\startup_stm32f446xx.s



ARM Macro Assembler    Page 8 Alphabetic symbol ordering
Relocatable symbols


EXTI3_IRQHandler 0000001A

Symbol: EXTI3_IRQHandler
   Definitions
      At line 329 in file mbed-dev\targets\TARGET_STM\TARGET_STM32F4\TARGET_STM
32F446xE\device\TOOLCHAIN_ARM_STD\startup_stm32f446xx.s
   Uses
      At line 79 in file mbed-dev\targets\TARGET_STM\TARGET_STM32F4\TARGET_STM3
2F446xE\device\TOOLCHAIN_ARM_STD\startup_stm32f446xx.s
      At line 240 in file mbed-dev\targets\TARGET_STM\TARGET_STM32F4\TARGET_STM
32F446xE\device\TOOLCHAIN_ARM_STD\startup_stm32f446xx.s

EXTI4_IRQHandler 0000001A

Symbol: EXTI4_IRQHandler
   Definitions
      At line 330 in file mbed-dev\targets\TARGET_STM\TARGET_STM32F4\TARGET_STM
32F446xE\device\TOOLCHAIN_ARM_STD\startup_stm32f446xx.s
   Uses
      At line 80 in file mbed-dev\targets\TARGET_STM\TARGET_STM32F4\TARGET_STM3
2F446xE\device\TOOLCHAIN_ARM_STD\startup_stm32f446xx.s
      At line 241 in file mbed-dev\targets\TARGET_STM\TARGET_STM32F4\TARGET_STM
32F446xE\device\TOOLCHAIN_ARM_STD\startup_stm32f446xx.s

EXTI9_5_IRQHandler 0000001A

Symbol: EXTI9_5_IRQHandler
   Definitions
      At line 343 in file mbed-dev\targets\TARGET_STM\TARGET_STM32F4\TARGET_STM
32F446xE\device\TOOLCHAIN_ARM_STD\startup_stm32f446xx.s
   Uses
      At line 93 in file mbed-dev\targets\TARGET_STM\TARGET_STM32F4\TARGET_STM3
2F446xE\device\TOOLCHAIN_ARM_STD\startup_stm32f446xx.s
      At line 254 in file mbed-dev\targets\TARGET_STM\TARGET_STM32F4\TARGET_STM
32F446xE\device\TOOLCHAIN_ARM_STD\startup_stm32f446xx.s

FLASH_IRQHandler 0000001A

Symbol: FLASH_IRQHandler
   Definitions
      At line 324 in file mbed-dev\targets\TARGET_STM\TARGET_STM32F4\TARGET_STM
32F446xE\device\TOOLCHAIN_ARM_STD\startup_stm32f446xx.s
   Uses
      At line 74 in file mbed-dev\targets\TARGET_STM\TARGET_STM32F4\TARGET_STM3
2F446xE\device\TOOLCHAIN_ARM_STD\startup_stm32f446xx.s
      At line 235 in file mbed-dev\targets\TARGET_STM\TARGET_STM32F4\TARGET_STM
32F446xE\device\TOOLCHAIN_ARM_STD\startup_stm32f446xx.s

FMC_IRQHandler 0000001A

Symbol: FMC_IRQHandler
   Definitions
      At line 368 in file mbed-dev\targets\TARGET_STM\TARGET_STM32F4\TARGET_STM
32F446xE\device\TOOLCHAIN_ARM_STD\startup_stm32f446xx.s
   Uses
      At line 118 in file mbed-dev\targets\TARGET_STM\TARGET_STM32F4\TARGET_STM
32F446xE\device\TOOLCHAIN_ARM_STD\startup_stm32f446xx.s
      At line 279 in file mbed-dev\targets\TARGET_STM\TARGET_STM32F4\TARGET_STM



ARM Macro Assembler    Page 9 Alphabetic symbol ordering
Relocatable symbols

32F446xE\device\TOOLCHAIN_ARM_STD\startup_stm32f446xx.s

FPU_IRQHandler 0000001A

Symbol: FPU_IRQHandler
   Definitions
      At line 397 in file mbed-dev\targets\TARGET_STM\TARGET_STM32F4\TARGET_STM
32F446xE\device\TOOLCHAIN_ARM_STD\startup_stm32f446xx.s
   Uses
      At line 151 in file mbed-dev\targets\TARGET_STM\TARGET_STM32F4\TARGET_STM
32F446xE\device\TOOLCHAIN_ARM_STD\startup_stm32f446xx.s
      At line 308 in file mbed-dev\targets\TARGET_STM\TARGET_STM32F4\TARGET_STM
32F446xE\device\TOOLCHAIN_ARM_STD\startup_stm32f446xx.s

HardFault_Handler 0000000A

Symbol: HardFault_Handler
   Definitions
      At line 191 in file mbed-dev\targets\TARGET_STM\TARGET_STM32F4\TARGET_STM
32F446xE\device\TOOLCHAIN_ARM_STD\startup_stm32f446xx.s
   Uses
      At line 55 in file mbed-dev\targets\TARGET_STM\TARGET_STM32F4\TARGET_STM3
2F446xE\device\TOOLCHAIN_ARM_STD\startup_stm32f446xx.s
      At line 193 in file mbed-dev\targets\TARGET_STM\TARGET_STM32F4\TARGET_STM
32F446xE\device\TOOLCHAIN_ARM_STD\startup_stm32f446xx.s

I2C1_ER_IRQHandler 0000001A

Symbol: I2C1_ER_IRQHandler
   Definitions
      At line 352 in file mbed-dev\targets\TARGET_STM\TARGET_STM32F4\TARGET_STM
32F446xE\device\TOOLCHAIN_ARM_STD\startup_stm32f446xx.s
   Uses
      At line 102 in file mbed-dev\targets\TARGET_STM\TARGET_STM32F4\TARGET_STM
32F446xE\device\TOOLCHAIN_ARM_STD\startup_stm32f446xx.s
      At line 263 in file mbed-dev\targets\TARGET_STM\TARGET_STM32F4\TARGET_STM
32F446xE\device\TOOLCHAIN_ARM_STD\startup_stm32f446xx.s

I2C1_EV_IRQHandler 0000001A

Symbol: I2C1_EV_IRQHandler
   Definitions
      At line 351 in file mbed-dev\targets\TARGET_STM\TARGET_STM32F4\TARGET_STM
32F446xE\device\TOOLCHAIN_ARM_STD\startup_stm32f446xx.s
   Uses
      At line 101 in file mbed-dev\targets\TARGET_STM\TARGET_STM32F4\TARGET_STM
32F446xE\device\TOOLCHAIN_ARM_STD\startup_stm32f446xx.s
      At line 262 in file mbed-dev\targets\TARGET_STM\TARGET_STM32F4\TARGET_STM
32F446xE\device\TOOLCHAIN_ARM_STD\startup_stm32f446xx.s

I2C2_ER_IRQHandler 0000001A

Symbol: I2C2_ER_IRQHandler
   Definitions
      At line 354 in file mbed-dev\targets\TARGET_STM\TARGET_STM32F4\TARGET_STM
32F446xE\device\TOOLCHAIN_ARM_STD\startup_stm32f446xx.s
   Uses
      At line 104 in file mbed-dev\targets\TARGET_STM\TARGET_STM32F4\TARGET_STM
32F446xE\device\TOOLCHAIN_ARM_STD\startup_stm32f446xx.s



ARM Macro Assembler    Page 10 Alphabetic symbol ordering
Relocatable symbols

      At line 265 in file mbed-dev\targets\TARGET_STM\TARGET_STM32F4\TARGET_STM
32F446xE\device\TOOLCHAIN_ARM_STD\startup_stm32f446xx.s

I2C2_EV_IRQHandler 0000001A

Symbol: I2C2_EV_IRQHandler
   Definitions
      At line 353 in file mbed-dev\targets\TARGET_STM\TARGET_STM32F4\TARGET_STM
32F446xE\device\TOOLCHAIN_ARM_STD\startup_stm32f446xx.s
   Uses
      At line 103 in file mbed-dev\targets\TARGET_STM\TARGET_STM32F4\TARGET_STM
32F446xE\device\TOOLCHAIN_ARM_STD\startup_stm32f446xx.s
      At line 264 in file mbed-dev\targets\TARGET_STM\TARGET_STM32F4\TARGET_STM
32F446xE\device\TOOLCHAIN_ARM_STD\startup_stm32f446xx.s

I2C3_ER_IRQHandler 0000001A

Symbol: I2C3_ER_IRQHandler
   Definitions
      At line 391 in file mbed-dev\targets\TARGET_STM\TARGET_STM32F4\TARGET_STM
32F446xE\device\TOOLCHAIN_ARM_STD\startup_stm32f446xx.s
   Uses
      At line 143 in file mbed-dev\targets\TARGET_STM\TARGET_STM32F4\TARGET_STM
32F446xE\device\TOOLCHAIN_ARM_STD\startup_stm32f446xx.s
      At line 302 in file mbed-dev\targets\TARGET_STM\TARGET_STM32F4\TARGET_STM
32F446xE\device\TOOLCHAIN_ARM_STD\startup_stm32f446xx.s

I2C3_EV_IRQHandler 0000001A

Symbol: I2C3_EV_IRQHandler
   Definitions
      At line 390 in file mbed-dev\targets\TARGET_STM\TARGET_STM32F4\TARGET_STM
32F446xE\device\TOOLCHAIN_ARM_STD\startup_stm32f446xx.s
   Uses
      At line 142 in file mbed-dev\targets\TARGET_STM\TARGET_STM32F4\TARGET_STM
32F446xE\device\TOOLCHAIN_ARM_STD\startup_stm32f446xx.s
      At line 301 in file mbed-dev\targets\TARGET_STM\TARGET_STM32F4\TARGET_STM
32F446xE\device\TOOLCHAIN_ARM_STD\startup_stm32f446xx.s

I2C4_Error_IRQHandler 0000001A

Symbol: I2C4_Error_IRQHandler
   Definitions
      At line 405 in file mbed-dev\targets\TARGET_STM\TARGET_STM32F4\TARGET_STM
32F446xE\device\TOOLCHAIN_ARM_STD\startup_stm32f446xx.s
   Uses
      At line 166 in file mbed-dev\targets\TARGET_STM\TARGET_STM32F4\TARGET_STM
32F446xE\device\TOOLCHAIN_ARM_STD\startup_stm32f446xx.s
      At line 318 in file mbed-dev\targets\TARGET_STM\TARGET_STM32F4\TARGET_STM
32F446xE\device\TOOLCHAIN_ARM_STD\startup_stm32f446xx.s

I2C4_Event_IRQHandler 0000001A

Symbol: I2C4_Event_IRQHandler
   Definitions
      At line 404 in file mbed-dev\targets\TARGET_STM\TARGET_STM32F4\TARGET_STM
32F446xE\device\TOOLCHAIN_ARM_STD\startup_stm32f446xx.s
   Uses
      At line 165 in file mbed-dev\targets\TARGET_STM\TARGET_STM32F4\TARGET_STM



ARM Macro Assembler    Page 11 Alphabetic symbol ordering
Relocatable symbols

32F446xE\device\TOOLCHAIN_ARM_STD\startup_stm32f446xx.s
      At line 317 in file mbed-dev\targets\TARGET_STM\TARGET_STM32F4\TARGET_STM
32F446xE\device\TOOLCHAIN_ARM_STD\startup_stm32f446xx.s

MemManage_Handler 0000000C

Symbol: MemManage_Handler
   Definitions
      At line 196 in file mbed-dev\targets\TARGET_STM\TARGET_STM32F4\TARGET_STM
32F446xE\device\TOOLCHAIN_ARM_STD\startup_stm32f446xx.s
   Uses
      At line 56 in file mbed-dev\targets\TARGET_STM\TARGET_STM32F4\TARGET_STM3
2F446xE\device\TOOLCHAIN_ARM_STD\startup_stm32f446xx.s
      At line 198 in file mbed-dev\targets\TARGET_STM\TARGET_STM32F4\TARGET_STM
32F446xE\device\TOOLCHAIN_ARM_STD\startup_stm32f446xx.s

NMI_Handler 00000008

Symbol: NMI_Handler
   Definitions
      At line 187 in file mbed-dev\targets\TARGET_STM\TARGET_STM32F4\TARGET_STM
32F446xE\device\TOOLCHAIN_ARM_STD\startup_stm32f446xx.s
   Uses
      At line 54 in file mbed-dev\targets\TARGET_STM\TARGET_STM32F4\TARGET_STM3
2F446xE\device\TOOLCHAIN_ARM_STD\startup_stm32f446xx.s
      At line 188 in file mbed-dev\targets\TARGET_STM\TARGET_STM32F4\TARGET_STM
32F446xE\device\TOOLCHAIN_ARM_STD\startup_stm32f446xx.s

OTG_FS_IRQHandler 0000001A

Symbol: OTG_FS_IRQHandler
   Definitions
      At line 385 in file mbed-dev\targets\TARGET_STM\TARGET_STM32F4\TARGET_STM
32F446xE\device\TOOLCHAIN_ARM_STD\startup_stm32f446xx.s
   Uses
      At line 137 in file mbed-dev\targets\TARGET_STM\TARGET_STM32F4\TARGET_STM
32F446xE\device\TOOLCHAIN_ARM_STD\startup_stm32f446xx.s
      At line 296 in file mbed-dev\targets\TARGET_STM\TARGET_STM32F4\TARGET_STM
32F446xE\device\TOOLCHAIN_ARM_STD\startup_stm32f446xx.s

OTG_FS_WKUP_IRQHandler 0000001A

Symbol: OTG_FS_WKUP_IRQHandler
   Definitions
      At line 362 in file mbed-dev\targets\TARGET_STM\TARGET_STM32F4\TARGET_STM
32F446xE\device\TOOLCHAIN_ARM_STD\startup_stm32f446xx.s
   Uses
      At line 112 in file mbed-dev\targets\TARGET_STM\TARGET_STM32F4\TARGET_STM
32F446xE\device\TOOLCHAIN_ARM_STD\startup_stm32f446xx.s
      At line 273 in file mbed-dev\targets\TARGET_STM\TARGET_STM32F4\TARGET_STM
32F446xE\device\TOOLCHAIN_ARM_STD\startup_stm32f446xx.s

OTG_HS_EP1_IN_IRQHandler 0000001A

Symbol: OTG_HS_EP1_IN_IRQHandler
   Definitions
      At line 393 in file mbed-dev\targets\TARGET_STM\TARGET_STM32F4\TARGET_STM
32F446xE\device\TOOLCHAIN_ARM_STD\startup_stm32f446xx.s
   Uses



ARM Macro Assembler    Page 12 Alphabetic symbol ordering
Relocatable symbols

      At line 145 in file mbed-dev\targets\TARGET_STM\TARGET_STM32F4\TARGET_STM
32F446xE\device\TOOLCHAIN_ARM_STD\startup_stm32f446xx.s
      At line 304 in file mbed-dev\targets\TARGET_STM\TARGET_STM32F4\TARGET_STM
32F446xE\device\TOOLCHAIN_ARM_STD\startup_stm32f446xx.s

OTG_HS_EP1_OUT_IRQHandler 0000001A

Symbol: OTG_HS_EP1_OUT_IRQHandler
   Definitions
      At line 392 in file mbed-dev\targets\TARGET_STM\TARGET_STM32F4\TARGET_STM
32F446xE\device\TOOLCHAIN_ARM_STD\startup_stm32f446xx.s
   Uses
      At line 144 in file mbed-dev\targets\TARGET_STM\TARGET_STM32F4\TARGET_STM
32F446xE\device\TOOLCHAIN_ARM_STD\startup_stm32f446xx.s
      At line 303 in file mbed-dev\targets\TARGET_STM\TARGET_STM32F4\TARGET_STM
32F446xE\device\TOOLCHAIN_ARM_STD\startup_stm32f446xx.s

OTG_HS_IRQHandler 0000001A

Symbol: OTG_HS_IRQHandler
   Definitions
      At line 395 in file mbed-dev\targets\TARGET_STM\TARGET_STM32F4\TARGET_STM
32F446xE\device\TOOLCHAIN_ARM_STD\startup_stm32f446xx.s
   Uses
      At line 147 in file mbed-dev\targets\TARGET_STM\TARGET_STM32F4\TARGET_STM
32F446xE\device\TOOLCHAIN_ARM_STD\startup_stm32f446xx.s
      At line 306 in file mbed-dev\targets\TARGET_STM\TARGET_STM32F4\TARGET_STM
32F446xE\device\TOOLCHAIN_ARM_STD\startup_stm32f446xx.s

OTG_HS_WKUP_IRQHandler 0000001A

Symbol: OTG_HS_WKUP_IRQHandler
   Definitions
      At line 394 in file mbed-dev\targets\TARGET_STM\TARGET_STM32F4\TARGET_STM
32F446xE\device\TOOLCHAIN_ARM_STD\startup_stm32f446xx.s
   Uses
      At line 146 in file mbed-dev\targets\TARGET_STM\TARGET_STM32F4\TARGET_STM
32F446xE\device\TOOLCHAIN_ARM_STD\startup_stm32f446xx.s
      At line 305 in file mbed-dev\targets\TARGET_STM\TARGET_STM32F4\TARGET_STM
32F446xE\device\TOOLCHAIN_ARM_STD\startup_stm32f446xx.s

PVD_IRQHandler 0000001A

Symbol: PVD_IRQHandler
   Definitions
      At line 321 in file mbed-dev\targets\TARGET_STM\TARGET_STM32F4\TARGET_STM
32F446xE\device\TOOLCHAIN_ARM_STD\startup_stm32f446xx.s
   Uses
      At line 71 in file mbed-dev\targets\TARGET_STM\TARGET_STM32F4\TARGET_STM3
2F446xE\device\TOOLCHAIN_ARM_STD\startup_stm32f446xx.s
      At line 232 in file mbed-dev\targets\TARGET_STM\TARGET_STM32F4\TARGET_STM
32F446xE\device\TOOLCHAIN_ARM_STD\startup_stm32f446xx.s

PendSV_Handler 00000016

Symbol: PendSV_Handler
   Definitions
      At line 220 in file mbed-dev\targets\TARGET_STM\TARGET_STM32F4\TARGET_STM
32F446xE\device\TOOLCHAIN_ARM_STD\startup_stm32f446xx.s



ARM Macro Assembler    Page 13 Alphabetic symbol ordering
Relocatable symbols

   Uses
      At line 66 in file mbed-dev\targets\TARGET_STM\TARGET_STM32F4\TARGET_STM3
2F446xE\device\TOOLCHAIN_ARM_STD\startup_stm32f446xx.s
      At line 221 in file mbed-dev\targets\TARGET_STM\TARGET_STM32F4\TARGET_STM
32F446xE\device\TOOLCHAIN_ARM_STD\startup_stm32f446xx.s

QuadSPI_IRQHandler 0000001A

Symbol: QuadSPI_IRQHandler
   Definitions
      At line 401 in file mbed-dev\targets\TARGET_STM\TARGET_STM32F4\TARGET_STM
32F446xE\device\TOOLCHAIN_ARM_STD\startup_stm32f446xx.s
   Uses
      At line 162 in file mbed-dev\targets\TARGET_STM\TARGET_STM32F4\TARGET_STM
32F446xE\device\TOOLCHAIN_ARM_STD\startup_stm32f446xx.s
      At line 314 in file mbed-dev\targets\TARGET_STM\TARGET_STM32F4\TARGET_STM
32F446xE\device\TOOLCHAIN_ARM_STD\startup_stm32f446xx.s

RCC_IRQHandler 0000001A

Symbol: RCC_IRQHandler
   Definitions
      At line 325 in file mbed-dev\targets\TARGET_STM\TARGET_STM32F4\TARGET_STM
32F446xE\device\TOOLCHAIN_ARM_STD\startup_stm32f446xx.s
   Uses
      At line 75 in file mbed-dev\targets\TARGET_STM\TARGET_STM32F4\TARGET_STM3
2F446xE\device\TOOLCHAIN_ARM_STD\startup_stm32f446xx.s
      At line 236 in file mbed-dev\targets\TARGET_STM\TARGET_STM32F4\TARGET_STM
32F446xE\device\TOOLCHAIN_ARM_STD\startup_stm32f446xx.s

RTC_Alarm_IRQHandler 0000001A

Symbol: RTC_Alarm_IRQHandler
   Definitions
      At line 361 in file mbed-dev\targets\TARGET_STM\TARGET_STM32F4\TARGET_STM
32F446xE\device\TOOLCHAIN_ARM_STD\startup_stm32f446xx.s
   Uses
      At line 111 in file mbed-dev\targets\TARGET_STM\TARGET_STM32F4\TARGET_STM
32F446xE\device\TOOLCHAIN_ARM_STD\startup_stm32f446xx.s
      At line 272 in file mbed-dev\targets\TARGET_STM\TARGET_STM32F4\TARGET_STM
32F446xE\device\TOOLCHAIN_ARM_STD\startup_stm32f446xx.s

RTC_WKUP_IRQHandler 0000001A

Symbol: RTC_WKUP_IRQHandler
   Definitions
      At line 323 in file mbed-dev\targets\TARGET_STM\TARGET_STM32F4\TARGET_STM
32F446xE\device\TOOLCHAIN_ARM_STD\startup_stm32f446xx.s
   Uses
      At line 73 in file mbed-dev\targets\TARGET_STM\TARGET_STM32F4\TARGET_STM3
2F446xE\device\TOOLCHAIN_ARM_STD\startup_stm32f446xx.s
      At line 234 in file mbed-dev\targets\TARGET_STM\TARGET_STM32F4\TARGET_STM
32F446xE\device\TOOLCHAIN_ARM_STD\startup_stm32f446xx.s

Reset_Handler 00000000

Symbol: Reset_Handler
   Definitions
      At line 174 in file mbed-dev\targets\TARGET_STM\TARGET_STM32F4\TARGET_STM



ARM Macro Assembler    Page 14 Alphabetic symbol ordering
Relocatable symbols

32F446xE\device\TOOLCHAIN_ARM_STD\startup_stm32f446xx.s
   Uses
      At line 53 in file mbed-dev\targets\TARGET_STM\TARGET_STM32F4\TARGET_STM3
2F446xE\device\TOOLCHAIN_ARM_STD\startup_stm32f446xx.s
      At line 175 in file mbed-dev\targets\TARGET_STM\TARGET_STM32F4\TARGET_STM
32F446xE\device\TOOLCHAIN_ARM_STD\startup_stm32f446xx.s

SAI1_IRQHandler 0000001A

Symbol: SAI1_IRQHandler
   Definitions
      At line 399 in file mbed-dev\targets\TARGET_STM\TARGET_STM32F4\TARGET_STM
32F446xE\device\TOOLCHAIN_ARM_STD\startup_stm32f446xx.s
   Uses
      At line 157 in file mbed-dev\targets\TARGET_STM\TARGET_STM32F4\TARGET_STM
32F446xE\device\TOOLCHAIN_ARM_STD\startup_stm32f446xx.s
      At line 310 in file mbed-dev\targets\TARGET_STM\TARGET_STM32F4\TARGET_STM
32F446xE\device\TOOLCHAIN_ARM_STD\startup_stm32f446xx.s
      At line 312 in file mbed-dev\targets\TARGET_STM\TARGET_STM32F4\TARGET_STM
32F446xE\device\TOOLCHAIN_ARM_STD\startup_stm32f446xx.s

SAI2_IRQHandler 0000001A

Symbol: SAI2_IRQHandler
   Definitions
      At line 400 in file mbed-dev\targets\TARGET_STM\TARGET_STM32F4\TARGET_STM
32F446xE\device\TOOLCHAIN_ARM_STD\startup_stm32f446xx.s
   Uses
      At line 161 in file mbed-dev\targets\TARGET_STM\TARGET_STM32F4\TARGET_STM
32F446xE\device\TOOLCHAIN_ARM_STD\startup_stm32f446xx.s
      At line 313 in file mbed-dev\targets\TARGET_STM\TARGET_STM32F4\TARGET_STM
32F446xE\device\TOOLCHAIN_ARM_STD\startup_stm32f446xx.s

SDIO_IRQHandler 0000001A

Symbol: SDIO_IRQHandler
   Definitions
      At line 369 in file mbed-dev\targets\TARGET_STM\TARGET_STM32F4\TARGET_STM
32F446xE\device\TOOLCHAIN_ARM_STD\startup_stm32f446xx.s
   Uses
      At line 119 in file mbed-dev\targets\TARGET_STM\TARGET_STM32F4\TARGET_STM
32F446xE\device\TOOLCHAIN_ARM_STD\startup_stm32f446xx.s
      At line 280 in file mbed-dev\targets\TARGET_STM\TARGET_STM32F4\TARGET_STM
32F446xE\device\TOOLCHAIN_ARM_STD\startup_stm32f446xx.s

SPDIF_RX_IRQHandler 0000001A

Symbol: SPDIF_RX_IRQHandler
   Definitions
      At line 403 in file mbed-dev\targets\TARGET_STM\TARGET_STM32F4\TARGET_STM
32F446xE\device\TOOLCHAIN_ARM_STD\startup_stm32f446xx.s
   Uses
      At line 164 in file mbed-dev\targets\TARGET_STM\TARGET_STM32F4\TARGET_STM
32F446xE\device\TOOLCHAIN_ARM_STD\startup_stm32f446xx.s
      At line 316 in file mbed-dev\targets\TARGET_STM\TARGET_STM32F4\TARGET_STM
32F446xE\device\TOOLCHAIN_ARM_STD\startup_stm32f446xx.s

SPI1_IRQHandler 0000001A




ARM Macro Assembler    Page 15 Alphabetic symbol ordering
Relocatable symbols

Symbol: SPI1_IRQHandler
   Definitions
      At line 355 in file mbed-dev\targets\TARGET_STM\TARGET_STM32F4\TARGET_STM
32F446xE\device\TOOLCHAIN_ARM_STD\startup_stm32f446xx.s
   Uses
      At line 105 in file mbed-dev\targets\TARGET_STM\TARGET_STM32F4\TARGET_STM
32F446xE\device\TOOLCHAIN_ARM_STD\startup_stm32f446xx.s
      At line 266 in file mbed-dev\targets\TARGET_STM\TARGET_STM32F4\TARGET_STM
32F446xE\device\TOOLCHAIN_ARM_STD\startup_stm32f446xx.s

SPI2_IRQHandler 0000001A

Symbol: SPI2_IRQHandler
   Definitions
      At line 356 in file mbed-dev\targets\TARGET_STM\TARGET_STM32F4\TARGET_STM
32F446xE\device\TOOLCHAIN_ARM_STD\startup_stm32f446xx.s
   Uses
      At line 106 in file mbed-dev\targets\TARGET_STM\TARGET_STM32F4\TARGET_STM
32F446xE\device\TOOLCHAIN_ARM_STD\startup_stm32f446xx.s
      At line 267 in file mbed-dev\targets\TARGET_STM\TARGET_STM32F4\TARGET_STM
32F446xE\device\TOOLCHAIN_ARM_STD\startup_stm32f446xx.s

SPI3_IRQHandler 0000001A

Symbol: SPI3_IRQHandler
   Definitions
      At line 371 in file mbed-dev\targets\TARGET_STM\TARGET_STM32F4\TARGET_STM
32F446xE\device\TOOLCHAIN_ARM_STD\startup_stm32f446xx.s
   Uses
      At line 121 in file mbed-dev\targets\TARGET_STM\TARGET_STM32F4\TARGET_STM
32F446xE\device\TOOLCHAIN_ARM_STD\startup_stm32f446xx.s
      At line 282 in file mbed-dev\targets\TARGET_STM\TARGET_STM32F4\TARGET_STM
32F446xE\device\TOOLCHAIN_ARM_STD\startup_stm32f446xx.s

SPI4_IRQHandler 0000001A

Symbol: SPI4_IRQHandler
   Definitions
      At line 398 in file mbed-dev\targets\TARGET_STM\TARGET_STM32F4\TARGET_STM
32F446xE\device\TOOLCHAIN_ARM_STD\startup_stm32f446xx.s
   Uses
      At line 154 in file mbed-dev\targets\TARGET_STM\TARGET_STM32F4\TARGET_STM
32F446xE\device\TOOLCHAIN_ARM_STD\startup_stm32f446xx.s
      At line 309 in file mbed-dev\targets\TARGET_STM\TARGET_STM32F4\TARGET_STM
32F446xE\device\TOOLCHAIN_ARM_STD\startup_stm32f446xx.s
      At line 311 in file mbed-dev\targets\TARGET_STM\TARGET_STM32F4\TARGET_STM
32F446xE\device\TOOLCHAIN_ARM_STD\startup_stm32f446xx.s

SVC_Handler 00000012

Symbol: SVC_Handler
   Definitions
      At line 211 in file mbed-dev\targets\TARGET_STM\TARGET_STM32F4\TARGET_STM
32F446xE\device\TOOLCHAIN_ARM_STD\startup_stm32f446xx.s
   Uses
      At line 63 in file mbed-dev\targets\TARGET_STM\TARGET_STM32F4\TARGET_STM3
2F446xE\device\TOOLCHAIN_ARM_STD\startup_stm32f446xx.s
      At line 212 in file mbed-dev\targets\TARGET_STM\TARGET_STM32F4\TARGET_STM
32F446xE\device\TOOLCHAIN_ARM_STD\startup_stm32f446xx.s



ARM Macro Assembler    Page 16 Alphabetic symbol ordering
Relocatable symbols


SysTick_Handler 00000018

Symbol: SysTick_Handler
   Definitions
      At line 224 in file mbed-dev\targets\TARGET_STM\TARGET_STM32F4\TARGET_STM
32F446xE\device\TOOLCHAIN_ARM_STD\startup_stm32f446xx.s
   Uses
      At line 67 in file mbed-dev\targets\TARGET_STM\TARGET_STM32F4\TARGET_STM3
2F446xE\device\TOOLCHAIN_ARM_STD\startup_stm32f446xx.s
      At line 225 in file mbed-dev\targets\TARGET_STM\TARGET_STM32F4\TARGET_STM
32F446xE\device\TOOLCHAIN_ARM_STD\startup_stm32f446xx.s

TAMP_STAMP_IRQHandler 0000001A

Symbol: TAMP_STAMP_IRQHandler
   Definitions
      At line 322 in file mbed-dev\targets\TARGET_STM\TARGET_STM32F4\TARGET_STM
32F446xE\device\TOOLCHAIN_ARM_STD\startup_stm32f446xx.s
   Uses
      At line 72 in file mbed-dev\targets\TARGET_STM\TARGET_STM32F4\TARGET_STM3
2F446xE\device\TOOLCHAIN_ARM_STD\startup_stm32f446xx.s
      At line 233 in file mbed-dev\targets\TARGET_STM\TARGET_STM32F4\TARGET_STM
32F446xE\device\TOOLCHAIN_ARM_STD\startup_stm32f446xx.s

TIM1_BRK_TIM9_IRQHandler 0000001A

Symbol: TIM1_BRK_TIM9_IRQHandler
   Definitions
      At line 344 in file mbed-dev\targets\TARGET_STM\TARGET_STM32F4\TARGET_STM
32F446xE\device\TOOLCHAIN_ARM_STD\startup_stm32f446xx.s
   Uses
      At line 94 in file mbed-dev\targets\TARGET_STM\TARGET_STM32F4\TARGET_STM3
2F446xE\device\TOOLCHAIN_ARM_STD\startup_stm32f446xx.s
      At line 255 in file mbed-dev\targets\TARGET_STM\TARGET_STM32F4\TARGET_STM
32F446xE\device\TOOLCHAIN_ARM_STD\startup_stm32f446xx.s

TIM1_CC_IRQHandler 0000001A

Symbol: TIM1_CC_IRQHandler
   Definitions
      At line 347 in file mbed-dev\targets\TARGET_STM\TARGET_STM32F4\TARGET_STM
32F446xE\device\TOOLCHAIN_ARM_STD\startup_stm32f446xx.s
   Uses
      At line 97 in file mbed-dev\targets\TARGET_STM\TARGET_STM32F4\TARGET_STM3
2F446xE\device\TOOLCHAIN_ARM_STD\startup_stm32f446xx.s
      At line 258 in file mbed-dev\targets\TARGET_STM\TARGET_STM32F4\TARGET_STM
32F446xE\device\TOOLCHAIN_ARM_STD\startup_stm32f446xx.s

TIM1_TRG_COM_TIM11_IRQHandler 0000001A

Symbol: TIM1_TRG_COM_TIM11_IRQHandler
   Definitions
      At line 346 in file mbed-dev\targets\TARGET_STM\TARGET_STM32F4\TARGET_STM
32F446xE\device\TOOLCHAIN_ARM_STD\startup_stm32f446xx.s
   Uses
      At line 96 in file mbed-dev\targets\TARGET_STM\TARGET_STM32F4\TARGET_STM3
2F446xE\device\TOOLCHAIN_ARM_STD\startup_stm32f446xx.s
      At line 257 in file mbed-dev\targets\TARGET_STM\TARGET_STM32F4\TARGET_STM



ARM Macro Assembler    Page 17 Alphabetic symbol ordering
Relocatable symbols

32F446xE\device\TOOLCHAIN_ARM_STD\startup_stm32f446xx.s

TIM1_UP_TIM10_IRQHandler 0000001A

Symbol: TIM1_UP_TIM10_IRQHandler
   Definitions
      At line 345 in file mbed-dev\targets\TARGET_STM\TARGET_STM32F4\TARGET_STM
32F446xE\device\TOOLCHAIN_ARM_STD\startup_stm32f446xx.s
   Uses
      At line 95 in file mbed-dev\targets\TARGET_STM\TARGET_STM32F4\TARGET_STM3
2F446xE\device\TOOLCHAIN_ARM_STD\startup_stm32f446xx.s
      At line 256 in file mbed-dev\targets\TARGET_STM\TARGET_STM32F4\TARGET_STM
32F446xE\device\TOOLCHAIN_ARM_STD\startup_stm32f446xx.s

TIM2_IRQHandler 0000001A

Symbol: TIM2_IRQHandler
   Definitions
      At line 348 in file mbed-dev\targets\TARGET_STM\TARGET_STM32F4\TARGET_STM
32F446xE\device\TOOLCHAIN_ARM_STD\startup_stm32f446xx.s
   Uses
      At line 98 in file mbed-dev\targets\TARGET_STM\TARGET_STM32F4\TARGET_STM3
2F446xE\device\TOOLCHAIN_ARM_STD\startup_stm32f446xx.s
      At line 259 in file mbed-dev\targets\TARGET_STM\TARGET_STM32F4\TARGET_STM
32F446xE\device\TOOLCHAIN_ARM_STD\startup_stm32f446xx.s

TIM3_IRQHandler 0000001A

Symbol: TIM3_IRQHandler
   Definitions
      At line 349 in file mbed-dev\targets\TARGET_STM\TARGET_STM32F4\TARGET_STM
32F446xE\device\TOOLCHAIN_ARM_STD\startup_stm32f446xx.s
   Uses
      At line 99 in file mbed-dev\targets\TARGET_STM\TARGET_STM32F4\TARGET_STM3
2F446xE\device\TOOLCHAIN_ARM_STD\startup_stm32f446xx.s
      At line 260 in file mbed-dev\targets\TARGET_STM\TARGET_STM32F4\TARGET_STM
32F446xE\device\TOOLCHAIN_ARM_STD\startup_stm32f446xx.s

TIM4_IRQHandler 0000001A

Symbol: TIM4_IRQHandler
   Definitions
      At line 350 in file mbed-dev\targets\TARGET_STM\TARGET_STM32F4\TARGET_STM
32F446xE\device\TOOLCHAIN_ARM_STD\startup_stm32f446xx.s
   Uses
      At line 100 in file mbed-dev\targets\TARGET_STM\TARGET_STM32F4\TARGET_STM
32F446xE\device\TOOLCHAIN_ARM_STD\startup_stm32f446xx.s
      At line 261 in file mbed-dev\targets\TARGET_STM\TARGET_STM32F4\TARGET_STM
32F446xE\device\TOOLCHAIN_ARM_STD\startup_stm32f446xx.s

TIM5_IRQHandler 0000001A

Symbol: TIM5_IRQHandler
   Definitions
      At line 370 in file mbed-dev\targets\TARGET_STM\TARGET_STM32F4\TARGET_STM
32F446xE\device\TOOLCHAIN_ARM_STD\startup_stm32f446xx.s
   Uses
      At line 120 in file mbed-dev\targets\TARGET_STM\TARGET_STM32F4\TARGET_STM
32F446xE\device\TOOLCHAIN_ARM_STD\startup_stm32f446xx.s



ARM Macro Assembler    Page 18 Alphabetic symbol ordering
Relocatable symbols

      At line 281 in file mbed-dev\targets\TARGET_STM\TARGET_STM32F4\TARGET_STM
32F446xE\device\TOOLCHAIN_ARM_STD\startup_stm32f446xx.s

TIM6_DAC_IRQHandler 0000001A

Symbol: TIM6_DAC_IRQHandler
   Definitions
      At line 374 in file mbed-dev\targets\TARGET_STM\TARGET_STM32F4\TARGET_STM
32F446xE\device\TOOLCHAIN_ARM_STD\startup_stm32f446xx.s
   Uses
      At line 124 in file mbed-dev\targets\TARGET_STM\TARGET_STM32F4\TARGET_STM
32F446xE\device\TOOLCHAIN_ARM_STD\startup_stm32f446xx.s
      At line 285 in file mbed-dev\targets\TARGET_STM\TARGET_STM32F4\TARGET_STM
32F446xE\device\TOOLCHAIN_ARM_STD\startup_stm32f446xx.s

TIM7_IRQHandler 0000001A

Symbol: TIM7_IRQHandler
   Definitions
      At line 375 in file mbed-dev\targets\TARGET_STM\TARGET_STM32F4\TARGET_STM
32F446xE\device\TOOLCHAIN_ARM_STD\startup_stm32f446xx.s
   Uses
      At line 125 in file mbed-dev\targets\TARGET_STM\TARGET_STM32F4\TARGET_STM
32F446xE\device\TOOLCHAIN_ARM_STD\startup_stm32f446xx.s
      At line 286 in file mbed-dev\targets\TARGET_STM\TARGET_STM32F4\TARGET_STM
32F446xE\device\TOOLCHAIN_ARM_STD\startup_stm32f446xx.s

TIM8_BRK_TIM12_IRQHandler 0000001A

Symbol: TIM8_BRK_TIM12_IRQHandler
   Definitions
      At line 363 in file mbed-dev\targets\TARGET_STM\TARGET_STM32F4\TARGET_STM
32F446xE\device\TOOLCHAIN_ARM_STD\startup_stm32f446xx.s
   Uses
      At line 113 in file mbed-dev\targets\TARGET_STM\TARGET_STM32F4\TARGET_STM
32F446xE\device\TOOLCHAIN_ARM_STD\startup_stm32f446xx.s
      At line 274 in file mbed-dev\targets\TARGET_STM\TARGET_STM32F4\TARGET_STM
32F446xE\device\TOOLCHAIN_ARM_STD\startup_stm32f446xx.s

TIM8_CC_IRQHandler 0000001A

Symbol: TIM8_CC_IRQHandler
   Definitions
      At line 366 in file mbed-dev\targets\TARGET_STM\TARGET_STM32F4\TARGET_STM
32F446xE\device\TOOLCHAIN_ARM_STD\startup_stm32f446xx.s
   Uses
      At line 116 in file mbed-dev\targets\TARGET_STM\TARGET_STM32F4\TARGET_STM
32F446xE\device\TOOLCHAIN_ARM_STD\startup_stm32f446xx.s
      At line 277 in file mbed-dev\targets\TARGET_STM\TARGET_STM32F4\TARGET_STM
32F446xE\device\TOOLCHAIN_ARM_STD\startup_stm32f446xx.s

TIM8_TRG_COM_TIM14_IRQHandler 0000001A

Symbol: TIM8_TRG_COM_TIM14_IRQHandler
   Definitions
      At line 365 in file mbed-dev\targets\TARGET_STM\TARGET_STM32F4\TARGET_STM
32F446xE\device\TOOLCHAIN_ARM_STD\startup_stm32f446xx.s
   Uses
      At line 115 in file mbed-dev\targets\TARGET_STM\TARGET_STM32F4\TARGET_STM



ARM Macro Assembler    Page 19 Alphabetic symbol ordering
Relocatable symbols

32F446xE\device\TOOLCHAIN_ARM_STD\startup_stm32f446xx.s
      At line 276 in file mbed-dev\targets\TARGET_STM\TARGET_STM32F4\TARGET_STM
32F446xE\device\TOOLCHAIN_ARM_STD\startup_stm32f446xx.s

TIM8_UP_TIM13_IRQHandler 0000001A

Symbol: TIM8_UP_TIM13_IRQHandler
   Definitions
      At line 364 in file mbed-dev\targets\TARGET_STM\TARGET_STM32F4\TARGET_STM
32F446xE\device\TOOLCHAIN_ARM_STD\startup_stm32f446xx.s
   Uses
      At line 114 in file mbed-dev\targets\TARGET_STM\TARGET_STM32F4\TARGET_STM
32F446xE\device\TOOLCHAIN_ARM_STD\startup_stm32f446xx.s
      At line 275 in file mbed-dev\targets\TARGET_STM\TARGET_STM32F4\TARGET_STM
32F446xE\device\TOOLCHAIN_ARM_STD\startup_stm32f446xx.s

UART4_IRQHandler 0000001A

Symbol: UART4_IRQHandler
   Definitions
      At line 372 in file mbed-dev\targets\TARGET_STM\TARGET_STM32F4\TARGET_STM
32F446xE\device\TOOLCHAIN_ARM_STD\startup_stm32f446xx.s
   Uses
      At line 122 in file mbed-dev\targets\TARGET_STM\TARGET_STM32F4\TARGET_STM
32F446xE\device\TOOLCHAIN_ARM_STD\startup_stm32f446xx.s
      At line 283 in file mbed-dev\targets\TARGET_STM\TARGET_STM32F4\TARGET_STM
32F446xE\device\TOOLCHAIN_ARM_STD\startup_stm32f446xx.s

UART5_IRQHandler 0000001A

Symbol: UART5_IRQHandler
   Definitions
      At line 373 in file mbed-dev\targets\TARGET_STM\TARGET_STM32F4\TARGET_STM
32F446xE\device\TOOLCHAIN_ARM_STD\startup_stm32f446xx.s
   Uses
      At line 123 in file mbed-dev\targets\TARGET_STM\TARGET_STM32F4\TARGET_STM
32F446xE\device\TOOLCHAIN_ARM_STD\startup_stm32f446xx.s
      At line 284 in file mbed-dev\targets\TARGET_STM\TARGET_STM32F4\TARGET_STM
32F446xE\device\TOOLCHAIN_ARM_STD\startup_stm32f446xx.s

USART1_IRQHandler 0000001A

Symbol: USART1_IRQHandler
   Definitions
      At line 357 in file mbed-dev\targets\TARGET_STM\TARGET_STM32F4\TARGET_STM
32F446xE\device\TOOLCHAIN_ARM_STD\startup_stm32f446xx.s
   Uses
      At line 107 in file mbed-dev\targets\TARGET_STM\TARGET_STM32F4\TARGET_STM
32F446xE\device\TOOLCHAIN_ARM_STD\startup_stm32f446xx.s
      At line 268 in file mbed-dev\targets\TARGET_STM\TARGET_STM32F4\TARGET_STM
32F446xE\device\TOOLCHAIN_ARM_STD\startup_stm32f446xx.s

USART2_IRQHandler 0000001A

Symbol: USART2_IRQHandler
   Definitions
      At line 358 in file mbed-dev\targets\TARGET_STM\TARGET_STM32F4\TARGET_STM
32F446xE\device\TOOLCHAIN_ARM_STD\startup_stm32f446xx.s
   Uses



ARM Macro Assembler    Page 20 Alphabetic symbol ordering
Relocatable symbols

      At line 108 in file mbed-dev\targets\TARGET_STM\TARGET_STM32F4\TARGET_STM
32F446xE\device\TOOLCHAIN_ARM_STD\startup_stm32f446xx.s
      At line 269 in file mbed-dev\targets\TARGET_STM\TARGET_STM32F4\TARGET_STM
32F446xE\device\TOOLCHAIN_ARM_STD\startup_stm32f446xx.s

USART3_IRQHandler 0000001A

Symbol: USART3_IRQHandler
   Definitions
      At line 359 in file mbed-dev\targets\TARGET_STM\TARGET_STM32F4\TARGET_STM
32F446xE\device\TOOLCHAIN_ARM_STD\startup_stm32f446xx.s
   Uses
      At line 109 in file mbed-dev\targets\TARGET_STM\TARGET_STM32F4\TARGET_STM
32F446xE\device\TOOLCHAIN_ARM_STD\startup_stm32f446xx.s
      At line 270 in file mbed-dev\targets\TARGET_STM\TARGET_STM32F4\TARGET_STM
32F446xE\device\TOOLCHAIN_ARM_STD\startup_stm32f446xx.s

USART6_IRQHandler 0000001A

Symbol: USART6_IRQHandler
   Definitions
      At line 389 in file mbed-dev\targets\TARGET_STM\TARGET_STM32F4\TARGET_STM
32F446xE\device\TOOLCHAIN_ARM_STD\startup_stm32f446xx.s
   Uses
      At line 141 in file mbed-dev\targets\TARGET_STM\TARGET_STM32F4\TARGET_STM
32F446xE\device\TOOLCHAIN_ARM_STD\startup_stm32f446xx.s
      At line 300 in file mbed-dev\targets\TARGET_STM\TARGET_STM32F4\TARGET_STM
32F446xE\device\TOOLCHAIN_ARM_STD\startup_stm32f446xx.s

UsageFault_Handler 00000010

Symbol: UsageFault_Handler
   Definitions
      At line 206 in file mbed-dev\targets\TARGET_STM\TARGET_STM32F4\TARGET_STM
32F446xE\device\TOOLCHAIN_ARM_STD\startup_stm32f446xx.s
   Uses
      At line 58 in file mbed-dev\targets\TARGET_STM\TARGET_STM32F4\TARGET_STM3
2F446xE\device\TOOLCHAIN_ARM_STD\startup_stm32f446xx.s
      At line 208 in file mbed-dev\targets\TARGET_STM\TARGET_STM32F4\TARGET_STM
32F446xE\device\TOOLCHAIN_ARM_STD\startup_stm32f446xx.s

WWDG_IRQHandler 0000001A

Symbol: WWDG_IRQHandler
   Definitions
      At line 320 in file mbed-dev\targets\TARGET_STM\TARGET_STM32F4\TARGET_STM
32F446xE\device\TOOLCHAIN_ARM_STD\startup_stm32f446xx.s
   Uses
      At line 70 in file mbed-dev\targets\TARGET_STM\TARGET_STM32F4\TARGET_STM3
2F446xE\device\TOOLCHAIN_ARM_STD\startup_stm32f446xx.s
      At line 231 in file mbed-dev\targets\TARGET_STM\TARGET_STM32F4\TARGET_STM
32F446xE\device\TOOLCHAIN_ARM_STD\startup_stm32f446xx.s

98 symbols



ARM Macro Assembler    Page 1 Alphabetic symbol ordering
Absolute symbols

__Vectors_Size 000001C4

Symbol: __Vectors_Size
   Definitions
      At line 169 in file mbed-dev\targets\TARGET_STM\TARGET_STM32F4\TARGET_STM
32F446xE\device\TOOLCHAIN_ARM_STD\startup_stm32f446xx.s
   Uses
      At line 50 in file mbed-dev\targets\TARGET_STM\TARGET_STM32F4\TARGET_STM3
2F446xE\device\TOOLCHAIN_ARM_STD\startup_stm32f446xx.s
Comment: __Vectors_Size used once
__initial_sp 20020000

Symbol: __initial_sp
   Definitions
      At line 40 in file mbed-dev\targets\TARGET_STM\TARGET_STM32F4\TARGET_STM3
2F446xE\device\TOOLCHAIN_ARM_STD\startup_stm32f446xx.s
   Uses
      At line 52 in file mbed-dev\targets\TARGET_STM\TARGET_STM32F4\TARGET_STM3
2F446xE\device\TOOLCHAIN_ARM_STD\startup_stm32f446xx.s
Comment: __initial_sp used once
2 symbols



ARM Macro Assembler    Page 1 Alphabetic symbol ordering
External symbols

SystemInit 00000000

Symbol: SystemInit
   Definitions
      At line 176 in file mbed-dev\targets\TARGET_STM\TARGET_STM32F4\TARGET_STM
32F446xE\device\TOOLCHAIN_ARM_STD\startup_stm32f446xx.s
   Uses
      At line 179 in file mbed-dev\targets\TARGET_STM\TARGET_STM32F4\TARGET_STM
32F446xE\device\TOOLCHAIN_ARM_STD\startup_stm32f446xx.s
Comment: SystemInit used once
__main 00000000

Symbol: __main
   Definitions
      At line 177 in file mbed-dev\targets\TARGET_STM\TARGET_STM32F4\TARGET_STM
32F446xE\device\TOOLCHAIN_ARM_STD\startup_stm32f446xx.s
   Uses
      At line 181 in file mbed-dev\targets\TARGET_STM\TARGET_STM32F4\TARGET_STM
32F446xE\device\TOOLCHAIN_ARM_STD\startup_stm32f446xx.s
Comment: __main used once
2 symbols
440 symbols in table
